Group: demographics-group-1 | Topic: demographics_events
Sink: ../sink/demographics_sink.csv
Waiting for messages... (Ctrl+C to stop)
------------------------------------------------------------
[MSG] key=7 | partition=0 | offset=0 | age=40 | gender=Male | rows_written=1
[MSG] key=9 | partition=0 | offset=1 | age=28 | gender=Male | rows_written=2
[MSG] key=10 | partition=0 | offset=2 | age=41 | gender=Male | rows_written=3
[MSG] key=11 | partition=0 | offset=3 | age=53 | gender=Male | rows_written=4
[MSG] key=12 | partition=0 | offset=4 | age=57 | gender=Male | rows_written=5
[MSG] key=14 | partition=0 | offset=5 | age=20 | gender=Male | rows_written=6
[MSG] key=16 | partition=0 | offset=6 | age=19 | gender=Male | rows_written=7
[MSG] key=18 | partition=0 | offset=7 | age=47 | gender=Female | rows_written=8
[MSG] key=20 | partition=0 | offset=8 | age=19 | gender=Female | rows_written=9
[MSG] key=25 | partition=0 | offset=9 | age=42 | gender=Female | rows_written=10
[MSG] key=27 | partition=0 | offset=10 | age=59 | gender=Male | rows_written=11
[MSG] key=28 | partition=0 | offset=11 | age=45 | gender=Male | rows_written=12
[MSG] key=38 | partition=0 | offset=12 | age=21 | gender=Male | rows_written=13
[MSG] key=46 | partition=0 | offset=13 | age=24 | gender=Male | rows_written=14
[MSG] key=47 | partition=0 | offset=14 | age=25 | gender=Other | rows_written=15
[MSG] key=48 | partition=0 | offset=15 | age=52 | gender=Male | rows_written=16
[MSG] key=49 | partition=0 | offset=16 | age=31 | gender=Male | rows_written=17
[MSG] key=50 | partition=0 | offset=17 | age=34 | gender=Other | rows_written=18
[MSG] key=51 | partition=0 | offset=18 | age=53 | gender=Female | rows_written=19
[MSG] key=53 | partition=0 | offset=19 | age=21 | gender=Male | rows_written=20
[MSG] key=57 | partition=0 | offset=20 | age=21 | gender=Female | rows_written=21
[MSG] key=58 | partition=0 | offset=21 | age=46 | gender=Female | rows_written=22
[MSG] key=60 | partition=0 | offset=22 | age=43 | gender=Female | rows_written=23
[MSG] key=63 | partition=0 | offset=23 | age=53 | gender=Male | rows_written=24
[MSG] key=64 | partition=0 | offset=24 | age=31 | gender=Female | rows_written=25
[MSG] key=65 | partition=0 | offset=25 | age=48 | gender=Male | rows_written=26
[MSG] key=72 | partition=0 | offset=26 | age=33 | gender=Female | rows_written=27
[MSG] key=75 | partition=0 | offset=27 | age=43 | gender=Male | rows_written=28
[MSG] key=77 | partition=0 | offset=28 | age=58 | gender=Other | rows_written=29
[MSG] key=78 | partition=0 | offset=29 | age=46 | gender=Male | rows_written=30
[MSG] key=80 | partition=0 | offset=30 | age=18 | gender=Male | rows_written=31
[MSG] key=82 | partition=0 | offset=31 | age=24 | gender=Female | rows_written=32
[MSG] key=85 | partition=0 | offset=32 | age=18 | gender=Male | rows_written=33
[MSG] key=86 | partition=0 | offset=33 | age=25 | gender=Male | rows_written=34
[MSG] key=89 | partition=0 | offset=34 | age=34 | gender=Other | rows_written=35
[MSG] key=90 | partition=0 | offset=35 | age=25 | gender=Male | rows_written=36
[MSG] key=91 | partition=0 | offset=36 | age=52 | gender=Female | rows_written=37
[MSG] key=94 | partition=0 | offset=37 | age=22 | gender=Male | rows_written=38
[MSG] key=95 | partition=0 | offset=38 | age=59 | gender=Female | rows_written=39
[MSG] key=97 | partition=0 | offset=39 | age=58 | gender=Female | rows_written=40
[MSG] key=98 | partition=0 | offset=40 | age=45 | gender=Male | rows_written=41
[MSG] key=99 | partition=0 | offset=41 | age=24 | gender=Female | rows_written=42
[MSG] key=100 | partition=0 | offset=42 | age=26 | gender=Male | rows_written=43
[MSG] key=102 | partition=0 | offset=43 | age=29 | gender=Male | rows_written=44
[MSG] key=103 | partition=0 | offset=44 | age=51 | gender=Female | rows_written=45
[MSG] key=104 | partition=0 | offset=45 | age=50 | gender=Female | rows_written=46
[MSG] key=106 | partition=0 | offset=46 | age=41 | gender=Male | rows_written=47
[MSG] key=114 | partition=0 | offset=47 | age=52 | gender=Female | rows_written=48
[MSG] key=118 | partition=0 | offset=48 | age=18 | gender=Male | rows_written=49
[MSG] key=129 | partition=0 | offset=49 | age=30 | gender=Female | rows_written=50
[MSG] key=131 | partition=0 | offset=50 | age=56 | gender=Female | rows_written=51
[MSG] key=132 | partition=0 | offset=51 | age=49 | gender=Male | rows_written=52
[MSG] key=144 | partition=0 | offset=52 | age=39 | gender=Male | rows_written=53
[MSG] key=146 | partition=0 | offset=53 | age=19 | gender=Female | rows_written=54
[MSG] key=153 | partition=0 | offset=54 | age=28 | gender=Female | rows_written=55
[MSG] key=155 | partition=0 | offset=55 | age=42 | gender=Male | rows_written=56
[MSG] key=165 | partition=0 | offset=56 | age=25 | gender=Female | rows_written=57
[MSG] key=166 | partition=0 | offset=57 | age=44 | gender=Male | rows_written=58
[MSG] key=170 | partition=0 | offset=58 | age=59 | gender=Female | rows_written=59
[MSG] key=172 | partition=0 | offset=59 | age=32 | gender=Female | rows_written=60
[MSG] key=174 | partition=0 | offset=60 | age=49 | gender=Female | rows_written=61
[MSG] key=177 | partition=0 | offset=61 | age=29 | gender=Female | rows_written=62
[MSG] key=178 | partition=0 | offset=62 | age=56 | gender=Female | rows_written=63
[MSG] key=181 | partition=0 | offset=63 | age=54 | gender=Male | rows_written=64
[MSG] key=182 | partition=0 | offset=64 | age=34 | gender=Other | rows_written=65
[MSG] key=186 | partition=0 | offset=65 | age=40 | gender=Female | rows_written=66
[MSG] key=188 | partition=0 | offset=66 | age=49 | gender=Female | rows_written=67
[MSG] key=198 | partition=0 | offset=67 | age=28 | gender=Male | rows_written=68
[MSG] key=201 | partition=0 | offset=68 | age=41 | gender=Male | rows_written=69
[MSG] key=204 | partition=0 | offset=69 | age=23 | gender=Male | rows_written=70
[MSG] key=205 | partition=0 | offset=70 | age=39 | gender=Male | rows_written=71
[MSG] key=214 | partition=0 | offset=71 | age=37 | gender=Male | rows_written=72
[MSG] key=216 | partition=0 | offset=72 | age=36 | gender=Male | rows_written=73
[MSG] key=217 | partition=0 | offset=73 | age=43 | gender=Male | rows_written=74
[MSG] key=222 | partition=0 | offset=74 | age=24 | gender=Male | rows_written=75
[MSG] key=227 | partition=0 | offset=75 | age=35 | gender=Male | rows_written=76
[MSG] key=230 | partition=0 | offset=76 | age=28 | gender=Female | rows_written=77
[MSG] key=232 | partition=0 | offset=77 | age=42 | gender=Female | rows_written=78
[MSG] key=233 | partition=0 | offset=78 | age=40 | gender=Male | rows_written=79
[MSG] key=236 | partition=0 | offset=79 | age=59 | gender=Male | rows_written=80
[MSG] key=237 | partition=0 | offset=80 | age=52 | gender=Female | rows_written=81
[MSG] key=242 | partition=0 | offset=81 | age=18 | gender=Male | rows_written=82
[MSG] key=245 | partition=0 | offset=82 | age=54 | gender=Male | rows_written=83
[MSG] key=247 | partition=0 | offset=83 | age=26 | gender=Male | rows_written=84
[MSG] key=251 | partition=0 | offset=84 | age=33 | gender=Male | rows_written=85
[MSG] key=252 | partition=0 | offset=85 | age=20 | gender=Male | rows_written=86
[MSG] key=255 | partition=0 | offset=86 | age=50 | gender=Male | rows_written=87
[MSG] key=257 | partition=0 | offset=87 | age=28 | gender=Male | rows_written=88
[MSG] key=259 | partition=0 | offset=88 | age=53 | gender=Male | rows_written=89
[MSG] key=264 | partition=0 | offset=89 | age=42 | gender=Female | rows_written=90
[MSG] key=266 | partition=0 | offset=90 | age=42 | gender=Female | rows_written=91
[MSG] key=267 | partition=0 | offset=91 | age=46 | gender=Male | rows_written=92
[MSG] key=273 | partition=0 | offset=92 | age=58 | gender=Male | rows_written=93
[MSG] key=275 | partition=0 | offset=93 | age=50 | gender=Female | rows_written=94
[MSG] key=282 | partition=0 | offset=94 | age=24 | gender=Female | rows_written=95
[MSG] key=284 | partition=0 | offset=95 | age=34 | gender=Female | rows_written=96
[MSG] key=286 | partition=0 | offset=96 | age=29 | gender=Female | rows_written=97
[MSG] key=289 | partition=0 | offset=97 | age=47 | gender=Female | rows_written=98
[MSG] key=291 | partition=0 | offset=98 | age=55 | gender=Male | rows_written=99
[MSG] key=292 | partition=0 | offset=99 | age=25 | gender=Female | rows_written=100
[MSG] key=293 | partition=0 | offset=100 | age=44 | gender=Female | rows_written=101
[MSG] key=294 | partition=0 | offset=101 | age=44 | gender=Female | rows_written=102
[MSG] key=306 | partition=0 | offset=102 | age=45 | gender=Male | rows_written=103
[MSG] key=309 | partition=0 | offset=103 | age=23 | gender=Female | rows_written=104
[MSG] key=314 | partition=0 | offset=104 | age=46 | gender=Female | rows_written=105
[MSG] key=315 | partition=0 | offset=105 | age=48 | gender=Female | rows_written=106
[MSG] key=316 | partition=0 | offset=106 | age=52 | gender=Male | rows_written=107
[MSG] key=317 | partition=0 | offset=107 | age=50 | gender=Male | rows_written=108
[MSG] key=318 | partition=0 | offset=108 | age=38 | gender=Male | rows_written=109
[MSG] key=323 | partition=0 | offset=109 | age=35 | gender=Female | rows_written=110
[MSG] key=330 | partition=0 | offset=110 | age=49 | gender=Male | rows_written=111
[MSG] key=332 | partition=0 | offset=111 | age=40 | gender=Male | rows_written=112
[MSG] key=338 | partition=0 | offset=112 | age=34 | gender=Female | rows_written=113
[MSG] key=340 | partition=0 | offset=113 | age=50 | gender=Female | rows_written=114
[MSG] key=342 | partition=0 | offset=114 | age=56 | gender=Female | rows_written=115
[MSG] key=346 | partition=0 | offset=115 | age=52 | gender=Male | rows_written=116
[MSG] key=351 | partition=0 | offset=116 | age=53 | gender=Female | rows_written=117
[MSG] key=358 | partition=0 | offset=117 | age=40 | gender=Female | rows_written=118
[MSG] key=360 | partition=0 | offset=118 | age=45 | gender=Male | rows_written=119
[MSG] key=361 | partition=0 | offset=119 | age=51 | gender=Female | rows_written=120
[MSG] key=364 | partition=0 | offset=120 | age=40 | gender=Male | rows_written=121
[MSG] key=367 | partition=0 | offset=121 | age=39 | gender=Male | rows_written=122
[MSG] key=368 | partition=0 | offset=122 | age=39 | gender=Female | rows_written=123
[MSG] key=369 | partition=0 | offset=123 | age=59 | gender=Male | rows_written=124
[MSG] key=372 | partition=0 | offset=124 | age=54 | gender=Male | rows_written=125
[MSG] key=375 | partition=0 | offset=125 | age=22 | gender=Female | rows_written=126
[MSG] key=383 | partition=0 | offset=126 | age=33 | gender=Other | rows_written=127
[MSG] key=388 | partition=0 | offset=127 | age=34 | gender=Male | rows_written=128
[MSG] key=390 | partition=0 | offset=128 | age=45 | gender=Female | rows_written=129
[MSG] key=391 | partition=0 | offset=129 | age=43 | gender=Male | rows_written=130
[MSG] key=394 | partition=0 | offset=130 | age=40 | gender=Female | rows_written=131
[MSG] key=395 | partition=0 | offset=131 | age=26 | gender=Other | rows_written=132
[MSG] key=398 | partition=0 | offset=132 | age=18 | gender=Female | rows_written=133
[MSG] key=400 | partition=0 | offset=133 | age=49 | gender=Male | rows_written=134
[MSG] key=401 | partition=0 | offset=134 | age=42 | gender=Female | rows_written=135
[MSG] key=402 | partition=0 | offset=135 | age=57 | gender=Male | rows_written=136
[MSG] key=405 | partition=0 | offset=136 | age=56 | gender=Male | rows_written=137
[MSG] key=406 | partition=0 | offset=137 | age=22 | gender=Male | rows_written=138
[MSG] key=412 | partition=0 | offset=138 | age=33 | gender=Female | rows_written=139
[MSG] key=413 | partition=0 | offset=139 | age=54 | gender=Female | rows_written=140
[MSG] key=414 | partition=0 | offset=140 | age=39 | gender=Male | rows_written=141
[MSG] key=419 | partition=0 | offset=141 | age=47 | gender=Male | rows_written=142
[MSG] key=421 | partition=0 | offset=142 | age=29 | gender=Male | rows_written=143
[MSG] key=424 | partition=0 | offset=143 | age=43 | gender=Female | rows_written=144
[MSG] key=430 | partition=0 | offset=144 | age=54 | gender=Male | rows_written=145
[MSG] key=433 | partition=0 | offset=145 | age=22 | gender=Other | rows_written=146
[MSG] key=435 | partition=0 | offset=146 | age=51 | gender=Male | rows_written=147
[MSG] key=437 | partition=0 | offset=147 | age=27 | gender=Female | rows_written=148
[MSG] key=438 | partition=0 | offset=148 | age=36 | gender=Male | rows_written=149
[MSG] key=441 | partition=0 | offset=149 | age=22 | gender=Male | rows_written=150
[MSG] key=442 | partition=0 | offset=150 | age=21 | gender=Male | rows_written=151
[MSG] key=443 | partition=0 | offset=151 | age=33 | gender=Male | rows_written=152
[MSG] key=449 | partition=0 | offset=152 | age=44 | gender=Female | rows_written=153
[MSG] key=453 | partition=0 | offset=153 | age=52 | gender=Male | rows_written=154
[MSG] key=454 | partition=0 | offset=154 | age=50 | gender=Male | rows_written=155
[MSG] key=464 | partition=0 | offset=155 | age=30 | gender=Female | rows_written=156
[MSG] key=466 | partition=0 | offset=156 | age=48 | gender=Male | rows_written=157
[MSG] key=470 | partition=0 | offset=157 | age=34 | gender=Female | rows_written=158
[MSG] key=471 | partition=0 | offset=158 | age=43 | gender=Male | rows_written=159
[MSG] key=473 | partition=0 | offset=159 | age=46 | gender=Other | rows_written=160
[MSG] key=476 | partition=0 | offset=160 | age=43 | gender=Other | rows_written=161
[MSG] key=478 | partition=0 | offset=161 | age=58 | gender=Male | rows_written=162
[MSG] key=489 | partition=0 | offset=162 | age=26 | gender=Female | rows_written=163
[MSG] key=490 | partition=0 | offset=163 | age=41 | gender=Male | rows_written=164
[MSG] key=497 | partition=0 | offset=164 | age=41 | gender=Female | rows_written=165
[MSG] key=499 | partition=0 | offset=165 | age=49 | gender=Male | rows_written=166
[MSG] key=501 | partition=0 | offset=166 | age=29 | gender=Male | rows_written=167
[MSG] key=506 | partition=0 | offset=167 | age=58 | gender=Female | rows_written=168
[MSG] key=509 | partition=0 | offset=168 | age=37 | gender=Female | rows_written=169
[MSG] key=514 | partition=0 | offset=169 | age=53 | gender=Female | rows_written=170
[MSG] key=517 | partition=0 | offset=170 | age=36 | gender=Female | rows_written=171
[MSG] key=518 | partition=0 | offset=171 | age=29 | gender=Female | rows_written=172
[MSG] key=524 | partition=0 | offset=172 | age=36 | gender=Female | rows_written=173
[MSG] key=529 | partition=0 | offset=173 | age=42 | gender=Female | rows_written=174
[MSG] key=534 | partition=0 | offset=174 | age=56 | gender=Male | rows_written=175
[MSG] key=537 | partition=0 | offset=175 | age=31 | gender=Female | rows_written=176
[MSG] key=542 | partition=0 | offset=176 | age=46 | gender=Female | rows_written=177
[MSG] key=545 | partition=0 | offset=177 | age=29 | gender=Male | rows_written=178
[MSG] key=546 | partition=0 | offset=178 | age=26 | gender=Female | rows_written=179
[MSG] key=549 | partition=0 | offset=179 | age=55 | gender=Male | rows_written=180
[MSG] key=550 | partition=0 | offset=180 | age=24 | gender=Female | rows_written=181
[MSG] key=553 | partition=0 | offset=181 | age=59 | gender=Male | rows_written=182
[MSG] key=557 | partition=0 | offset=182 | age=22 | gender=Female | rows_written=183
[MSG] key=561 | partition=0 | offset=183 | age=36 | gender=Female | rows_written=184
[MSG] key=566 | partition=0 | offset=184 | age=24 | gender=Male | rows_written=185
[MSG] key=569 | partition=0 | offset=185 | age=53 | gender=Other | rows_written=186
[MSG] key=576 | partition=0 | offset=186 | age=43 | gender=Female | rows_written=187
[MSG] key=577 | partition=0 | offset=187 | age=36 | gender=Female | rows_written=188
[MSG] key=580 | partition=0 | offset=188 | age=30 | gender=Male | rows_written=189
[MSG] key=581 | partition=0 | offset=189 | age=45 | gender=Other | rows_written=190
[MSG] key=585 | partition=0 | offset=190 | age=58 | gender=Female | rows_written=191
[MSG] key=588 | partition=0 | offset=191 | age=20 | gender=Male | rows_written=192
[MSG] key=590 | partition=0 | offset=192 | age=45 | gender=Female | rows_written=193
[MSG] key=593 | partition=0 | offset=193 | age=55 | gender=Male | rows_written=194
[MSG] key=596 | partition=0 | offset=194 | age=38 | gender=Male | rows_written=195
[MSG] key=602 | partition=0 | offset=195 | age=52 | gender=Female | rows_written=196
[MSG] key=604 | partition=0 | offset=196 | age=37 | gender=Male | rows_written=197
[MSG] key=605 | partition=0 | offset=197 | age=35 | gender=Male | rows_written=198
[MSG] key=606 | partition=0 | offset=198 | age=58 | gender=Female | rows_written=199
[MSG] key=609 | partition=0 | offset=199 | age=48 | gender=Male | rows_written=200
[MSG] key=611 | partition=0 | offset=200 | age=20 | gender=Male | rows_written=201
[MSG] key=615 | partition=0 | offset=201 | age=29 | gender=Female | rows_written=202
[MSG] key=632 | partition=0 | offset=202 | age=58 | gender=Male | rows_written=203
[MSG] key=636 | partition=0 | offset=203 | age=26 | gender=Male | rows_written=204
[MSG] key=639 | partition=0 | offset=204 | age=30 | gender=Male | rows_written=205
[MSG] key=645 | partition=0 | offset=205 | age=35 | gender=Male | rows_written=206
[MSG] key=650 | partition=0 | offset=206 | age=47 | gender=Male | rows_written=207
[MSG] key=655 | partition=0 | offset=207 | age=49 | gender=Male | rows_written=208
[MSG] key=656 | partition=0 | offset=208 | age=28 | gender=Male | rows_written=209
[MSG] key=658 | partition=0 | offset=209 | age=43 | gender=Male | rows_written=210
[MSG] key=659 | partition=0 | offset=210 | age=42 | gender=Male | rows_written=211
[MSG] key=661 | partition=0 | offset=211 | age=44 | gender=Male | rows_written=212
[MSG] key=662 | partition=0 | offset=212 | age=30 | gender=Male | rows_written=213
[MSG] key=664 | partition=0 | offset=213 | age=51 | gender=Female | rows_written=214
[MSG] key=674 | partition=0 | offset=214 | age=22 | gender=Male | rows_written=215
[MSG] key=678 | partition=0 | offset=215 | age=54 | gender=Female | rows_written=216
[MSG] key=679 | partition=0 | offset=216 | age=54 | gender=Female | rows_written=217
[MSG] key=681 | partition=0 | offset=217 | age=27 | gender=Female | rows_written=218
[MSG] key=683 | partition=0 | offset=218 | age=34 | gender=Female | rows_written=219
[MSG] key=684 | partition=0 | offset=219 | age=38 | gender=Female | rows_written=220
[MSG] key=685 | partition=0 | offset=220 | age=31 | gender=Female | rows_written=221
[MSG] key=686 | partition=0 | offset=221 | age=26 | gender=Male | rows_written=222
[MSG] key=688 | partition=0 | offset=222 | age=30 | gender=Female | rows_written=223
[MSG] key=691 | partition=0 | offset=223 | age=57 | gender=Male | rows_written=224
[MSG] key=692 | partition=0 | offset=224 | age=49 | gender=Male | rows_written=225
[MSG] key=693 | partition=0 | offset=225 | age=51 | gender=Male | rows_written=226
[MSG] key=701 | partition=0 | offset=226 | age=29 | gender=Female | rows_written=227
[MSG] key=704 | partition=0 | offset=227 | age=47 | gender=Male | rows_written=228
[MSG] key=712 | partition=0 | offset=228 | age=19 | gender=Male | rows_written=229
[MSG] key=714 | partition=0 | offset=229 | age=56 | gender=Female | rows_written=230
[MSG] key=715 | partition=0 | offset=230 | age=55 | gender=Female | rows_written=231
[MSG] key=716 | partition=0 | offset=231 | age=51 | gender=Female | rows_written=232
[MSG] key=717 | partition=0 | offset=232 | age=55 | gender=Male | rows_written=233
[MSG] key=719 | partition=0 | offset=233 | age=35 | gender=Male | rows_written=234
[MSG] key=722 | partition=0 | offset=234 | age=44 | gender=Female | rows_written=235
[MSG] key=728 | partition=0 | offset=235 | age=47 | gender=Female | rows_written=236
[MSG] key=731 | partition=0 | offset=236 | age=22 | gender=Female | rows_written=237
[MSG] key=733 | partition=0 | offset=237 | age=21 | gender=Male | rows_written=238
[MSG] key=736 | partition=0 | offset=238 | age=27 | gender=Female | rows_written=239
[MSG] key=737 | partition=0 | offset=239 | age=34 | gender=Male | rows_written=240
[MSG] key=739 | partition=0 | offset=240 | age=41 | gender=Female | rows_written=241
[MSG] key=742 | partition=0 | offset=241 | age=23 | gender=Other | rows_written=242
[MSG] key=745 | partition=0 | offset=242 | age=28 | gender=Female | rows_written=243
[MSG] key=756 | partition=0 | offset=243 | age=20 | gender=Female | rows_written=244
[MSG] key=757 | partition=0 | offset=244 | age=49 | gender=Male | rows_written=245
[MSG] key=758 | partition=0 | offset=245 | age=20 | gender=Female | rows_written=246
[MSG] key=761 | partition=0 | offset=246 | age=49 | gender=Male | rows_written=247
[MSG] key=765 | partition=0 | offset=247 | age=35 | gender=Female | rows_written=248
[MSG] key=768 | partition=0 | offset=248 | age=39 | gender=Male | rows_written=249
[MSG] key=770 | partition=0 | offset=249 | age=23 | gender=Female | rows_written=250
[MSG] key=771 | partition=0 | offset=250 | age=18 | gender=Female | rows_written=251
[MSG] key=774 | partition=0 | offset=251 | age=29 | gender=Male | rows_written=252
[MSG] key=775 | partition=0 | offset=252 | age=43 | gender=Female | rows_written=253
[MSG] key=776 | partition=0 | offset=253 | age=51 | gender=Female | rows_written=254
[MSG] key=777 | partition=0 | offset=254 | age=31 | gender=Male | rows_written=255
[MSG] key=782 | partition=0 | offset=255 | age=39 | gender=Male | rows_written=256
[MSG] key=785 | partition=0 | offset=256 | age=43 | gender=Male | rows_written=257
[MSG] key=786 | partition=0 | offset=257 | age=53 | gender=Female | rows_written=258
[MSG] key=794 | partition=0 | offset=258 | age=45 | gender=Male | rows_written=259
[MSG] key=0 | partition=2 | offset=0 | age=56 | gender=Male | rows_written=260
[MSG] key=1 | partition=2 | offset=1 | age=46 | gender=Male | rows_written=261
[MSG] key=8 | partition=2 | offset=2 | age=28 | gender=Female | rows_written=262
[MSG] key=13 | partition=2 | offset=3 | age=41 | gender=Male | rows_written=263
[MSG] key=17 | partition=2 | offset=4 | age=41 | gender=Female | rows_written=264
[MSG] key=22 | partition=2 | offset=5 | age=50 | gender=Male | rows_written=265
[MSG] key=24 | partition=2 | offset=6 | age=39 | gender=Female | rows_written=266
[MSG] key=29 | partition=2 | offset=7 | age=33 | gender=Male | rows_written=267
[MSG] key=33 | partition=2 | offset=8 | age=24 | gender=Other | rows_written=268
[MSG] key=34 | partition=2 | offset=9 | age=38 | gender=Female | rows_written=269
[MSG] key=40 | partition=2 | offset=10 | age=31 | gender=Male | rows_written=270
[MSG] key=41 | partition=2 | offset=11 | age=26 | gender=Male | rows_written=271
[MSG] key=42 | partition=2 | offset=12 | age=43 | gender=Male | rows_written=272
[MSG] key=44 | partition=2 | offset=13 | age=37 | gender=Male | rows_written=273
[MSG] key=55 | partition=2 | offset=14 | age=23 | gender=Female | rows_written=274
[MSG] key=59 | partition=2 | offset=15 | age=35 | gender=Male | rows_written=275
[MSG] key=74 | partition=2 | offset=16 | age=41 | gender=Male | rows_written=276
[MSG] key=76 | partition=2 | offset=17 | age=42 | gender=Male | rows_written=277
[MSG] key=79 | partition=2 | offset=18 | age=32 | gender=Female | rows_written=278
[MSG] key=81 | partition=2 | offset=19 | age=42 | gender=Female | rows_written=279
[MSG] key=83 | partition=2 | offset=20 | age=26 | gender=Female | rows_written=280
[MSG] key=101 | partition=2 | offset=21 | age=25 | gender=Male | rows_written=281
[MSG] key=105 | partition=2 | offset=22 | age=40 | gender=Female | rows_written=282
[MSG] key=110 | partition=2 | offset=23 | age=39 | gender=Male | rows_written=283
[MSG] key=111 | partition=2 | offset=24 | age=44 | gender=Male | rows_written=284
[MSG] key=113 | partition=2 | offset=25 | age=18 | gender=Male | rows_written=285
[MSG] key=120 | partition=2 | offset=26 | age=43 | gender=Female | rows_written=286
[MSG] key=121 | partition=2 | offset=27 | age=31 | gender=Female | rows_written=287
[MSG] key=122 | partition=2 | offset=28 | age=56 | gender=Male | rows_written=288
[MSG] key=124 | partition=2 | offset=29 | age=26 | gender=Female | rows_written=289
[MSG] key=125 | partition=2 | offset=30 | age=32 | gender=Male | rows_written=290
[MSG] key=128 | partition=2 | offset=31 | age=59 | gender=Female | rows_written=291
[MSG] key=134 | partition=2 | offset=32 | age=47 | gender=Male | rows_written=292
[MSG] key=135 | partition=2 | offset=33 | age=54 | gender=Female | rows_written=293
[MSG] key=136 | partition=2 | offset=34 | age=40 | gender=Male | rows_written=294
[MSG] key=137 | partition=2 | offset=35 | age=56 | gender=Female | rows_written=295
[MSG] key=139 | partition=2 | offset=36 | age=46 | gender=Female | rows_written=296
[MSG] key=140 | partition=2 | offset=37 | age=53 | gender=Male | rows_written=297
[MSG] key=145 | partition=2 | offset=38 | age=45 | gender=Male | rows_written=298
[MSG] key=149 | partition=2 | offset=39 | age=45 | gender=Female | rows_written=299
[MSG] key=152 | partition=2 | offset=40 | age=47 | gender=Female | rows_written=300
[MSG] key=154 | partition=2 | offset=41 | age=45 | gender=Male | rows_written=301
[MSG] key=156 | partition=2 | offset=42 | age=56 | gender=Male | rows_written=302
[MSG] key=157 | partition=2 | offset=43 | age=50 | gender=Female | rows_written=303
[MSG] key=158 | partition=2 | offset=44 | age=18 | gender=Female | rows_written=304
[MSG] key=162 | partition=2 | offset=45 | age=20 | gender=Male | rows_written=305
[MSG] key=168 | partition=2 | offset=46 | age=54 | gender=Female | rows_written=306
[MSG] key=171 | partition=2 | offset=47 | age=41 | gender=Female | rows_written=307
[MSG] key=175 | partition=2 | offset=48 | age=41 | gender=Female | rows_written=308
[MSG] key=176 | partition=2 | offset=49 | age=58 | gender=Male | rows_written=309
[MSG] key=179 | partition=2 | offset=50 | age=19 | gender=Female | rows_written=310
[MSG] key=185 | partition=2 | offset=51 | age=45 | gender=Female | rows_written=311
[MSG] key=189 | partition=2 | offset=52 | age=50 | gender=Male | rows_written=312
[MSG] key=190 | partition=2 | offset=53 | age=18 | gender=Male | rows_written=313
[MSG] key=193 | partition=2 | offset=54 | age=43 | gender=Male | rows_written=314
[MSG] key=195 | partition=2 | offset=55 | age=23 | gender=Male | rows_written=315
[MSG] key=197 | partition=2 | offset=56 | age=21 | gender=Female | rows_written=316
[MSG] key=202 | partition=2 | offset=57 | age=22 | gender=Male | rows_written=317
[MSG] key=203 | partition=2 | offset=58 | age=51 | gender=Male | rows_written=318
[MSG] key=206 | partition=2 | offset=59 | age=28 | gender=Female | rows_written=319
[MSG] key=208 | partition=2 | offset=60 | age=50 | gender=Female | rows_written=320
[MSG] key=209 | partition=2 | offset=61 | age=26 | gender=Male | rows_written=321
[MSG] key=210 | partition=2 | offset=62 | age=23 | gender=Female | rows_written=322
[MSG] key=212 | partition=2 | offset=63 | age=46 | gender=Male | rows_written=323
[MSG] key=213 | partition=2 | offset=64 | age=20 | gender=Female | rows_written=324
[MSG] key=219 | partition=2 | offset=65 | age=36 | gender=Other | rows_written=325
[MSG] key=220 | partition=2 | offset=66 | age=37 | gender=Female | rows_written=326
[MSG] key=221 | partition=2 | offset=67 | age=49 | gender=Female | rows_written=327
[MSG] key=223 | partition=2 | offset=68 | age=58 | gender=Female | rows_written=328
[MSG] key=225 | partition=2 | offset=69 | age=57 | gender=Female | rows_written=329
[MSG] key=226 | partition=2 | offset=70 | age=56 | gender=Male | rows_written=330
[MSG] key=239 | partition=2 | offset=71 | age=33 | gender=Male | rows_written=331
[MSG] key=241 | partition=2 | offset=72 | age=19 | gender=Female | rows_written=332
[MSG] key=244 | partition=2 | offset=73 | age=22 | gender=Female | rows_written=333
[MSG] key=246 | partition=2 | offset=74 | age=49 | gender=Male | rows_written=334
[MSG] key=250 | partition=2 | offset=75 | age=36 | gender=Male | rows_written=335
[MSG] key=258 | partition=2 | offset=76 | age=25 | gender=Female | rows_written=336
[MSG] key=261 | partition=2 | offset=77 | age=57 | gender=Male | rows_written=337
[MSG] key=263 | partition=2 | offset=78 | age=52 | gender=Female | rows_written=338
[MSG] key=265 | partition=2 | offset=79 | age=52 | gender=Male | rows_written=339
[MSG] key=268 | partition=2 | offset=80 | age=35 | gender=Male | rows_written=340
[MSG] key=270 | partition=2 | offset=81 | age=19 | gender=Male | rows_written=341
[MSG] key=274 | partition=2 | offset=82 | age=53 | gender=Male | rows_written=342
[MSG] key=276 | partition=2 | offset=83 | age=21 | gender=Male | rows_written=343
[MSG] key=280 | partition=2 | offset=84 | age=37 | gender=Male | rows_written=344
[MSG] key=285 | partition=2 | offset=85 | age=50 | gender=Male | rows_written=345
[MSG] key=287 | partition=2 | offset=86 | age=39 | gender=Male | rows_written=346
[MSG] key=290 | partition=2 | offset=87 | age=55 | gender=Female | rows_written=347
[MSG] key=297 | partition=2 | offset=88 | age=47 | gender=Male | rows_written=348
[MSG] key=299 | partition=2 | offset=89 | age=45 | gender=Female | rows_written=349
[MSG] key=300 | partition=2 | offset=90 | age=50 | gender=Female | rows_written=350
[MSG] key=303 | partition=2 | offset=91 | age=21 | gender=Female | rows_written=351
[MSG] key=305 | partition=2 | offset=92 | age=34 | gender=Female | rows_written=352
[MSG] key=311 | partition=2 | offset=93 | age=58 | gender=Female | rows_written=353
[MSG] key=312 | partition=2 | offset=94 | age=54 | gender=Male | rows_written=354
[MSG] key=313 | partition=2 | offset=95 | age=41 | gender=Female | rows_written=355
[MSG] key=321 | partition=2 | offset=96 | age=50 | gender=Female | rows_written=356
[MSG] key=322 | partition=2 | offset=97 | age=20 | gender=Female | rows_written=357
[MSG] key=324 | partition=2 | offset=98 | age=42 | gender=Male | rows_written=358
[MSG] key=325 | partition=2 | offset=99 | age=59 | gender=Female | rows_written=359
[MSG] key=327 | partition=2 | offset=100 | age=20 | gender=Male | rows_written=360
[MSG] key=337 | partition=2 | offset=101 | age=43 | gender=Male | rows_written=361
[MSG] key=341 | partition=2 | offset=102 | age=26 | gender=Male | rows_written=362
[MSG] key=347 | partition=2 | offset=103 | age=42 | gender=Male | rows_written=363
[MSG] key=348 | partition=2 | offset=104 | age=41 | gender=Female | rows_written=364
[MSG] key=349 | partition=2 | offset=105 | age=30 | gender=Male | rows_written=365
[MSG] key=350 | partition=2 | offset=106 | age=24 | gender=Female | rows_written=366
[MSG] key=354 | partition=2 | offset=107 | age=25 | gender=Male | rows_written=367
[MSG] key=357 | partition=2 | offset=108 | age=29 | gender=Female | rows_written=368
[MSG] key=359 | partition=2 | offset=109 | age=32 | gender=Male | rows_written=369
[MSG] key=362 | partition=2 | offset=110 | age=19 | gender=Female | rows_written=370
[MSG] key=365 | partition=2 | offset=111 | age=39 | gender=Female | rows_written=371
[MSG] key=370 | partition=2 | offset=112 | age=23 | gender=Female | rows_written=372
[MSG] key=371 | partition=2 | offset=113 | age=32 | gender=Male | rows_written=373
[MSG] key=373 | partition=2 | offset=114 | age=50 | gender=Female | rows_written=374
[MSG] key=376 | partition=2 | offset=115 | age=56 | gender=Female | rows_written=375
[MSG] key=379 | partition=2 | offset=116 | age=49 | gender=Female | rows_written=376
[MSG] key=380 | partition=2 | offset=117 | age=47 | gender=Male | rows_written=377
[MSG] key=387 | partition=2 | offset=118 | age=36 | gender=Female | rows_written=378
[MSG] key=392 | partition=2 | offset=119 | age=54 | gender=Female | rows_written=379
[MSG] key=393 | partition=2 | offset=120 | age=43 | gender=Male | rows_written=380
[MSG] key=397 | partition=2 | offset=121 | age=18 | gender=Male | rows_written=381
[MSG] key=404 | partition=2 | offset=122 | age=33 | gender=Male | rows_written=382
[MSG] key=407 | partition=2 | offset=123 | age=39 | gender=Female | rows_written=383
[MSG] key=409 | partition=2 | offset=124 | age=20 | gender=Female | rows_written=384
[MSG] key=411 | partition=2 | offset=125 | age=43 | gender=Male | rows_written=385
[MSG] key=415 | partition=2 | offset=126 | age=46 | gender=Female | rows_written=386
[MSG] key=417 | partition=2 | offset=127 | age=45 | gender=Female | rows_written=387
[MSG] key=422 | partition=2 | offset=128 | age=33 | gender=Female | rows_written=388
[MSG] key=423 | partition=2 | offset=129 | age=43 | gender=Female | rows_written=389
[MSG] key=431 | partition=2 | offset=130 | age=40 | gender=Female | rows_written=390
[MSG] key=434 | partition=2 | offset=131 | age=53 | gender=Female | rows_written=391
[MSG] key=439 | partition=2 | offset=132 | age=49 | gender=Male | rows_written=392
[MSG] key=440 | partition=2 | offset=133 | age=18 | gender=Male | rows_written=393
[MSG] key=444 | partition=2 | offset=134 | age=41 | gender=Male | rows_written=394
[MSG] key=445 | partition=2 | offset=135 | age=33 | gender=Male | rows_written=395
[MSG] key=448 | partition=2 | offset=136 | age=49 | gender=Male | rows_written=396
[MSG] key=450 | partition=2 | offset=137 | age=37 | gender=Male | rows_written=397
[MSG] key=456 | partition=2 | offset=138 | age=54 | gender=Female | rows_written=398
[MSG] key=458 | partition=2 | offset=139 | age=20 | gender=Female | rows_written=399
[MSG] key=460 | partition=2 | offset=140 | age=50 | gender=Other | rows_written=400
[MSG] key=461 | partition=2 | offset=141 | age=57 | gender=Male | rows_written=401
[MSG] key=462 | partition=2 | offset=142 | age=27 | gender=Female | rows_written=402
[MSG] key=465 | partition=2 | offset=143 | age=29 | gender=Female | rows_written=403
[MSG] key=467 | partition=2 | offset=144 | age=19 | gender=Male | rows_written=404
[MSG] key=472 | partition=2 | offset=145 | age=25 | gender=Male | rows_written=405
[MSG] key=474 | partition=2 | offset=146 | age=43 | gender=Female | rows_written=406
[MSG] key=479 | partition=2 | offset=147 | age=24 | gender=Female | rows_written=407
[MSG] key=480 | partition=2 | offset=148 | age=21 | gender=Female | rows_written=408
[MSG] key=483 | partition=2 | offset=149 | age=53 | gender=Male | rows_written=409
[MSG] key=485 | partition=2 | offset=150 | age=38 | gender=Female | rows_written=410
[MSG] key=488 | partition=2 | offset=151 | age=54 | gender=Male | rows_written=411
[MSG] key=493 | partition=2 | offset=152 | age=53 | gender=Female | rows_written=412
[MSG] key=495 | partition=2 | offset=153 | age=56 | gender=Female | rows_written=413
[MSG] key=496 | partition=2 | offset=154 | age=49 | gender=Female | rows_written=414
[MSG] key=498 | partition=2 | offset=155 | age=40 | gender=Male | rows_written=415
[MSG] key=500 | partition=2 | offset=156 | age=54 | gender=Male | rows_written=416
[MSG] key=503 | partition=2 | offset=157 | age=40 | gender=Female | rows_written=417
[MSG] key=504 | partition=2 | offset=158 | age=42 | gender=Male | rows_written=418
[MSG] key=507 | partition=2 | offset=159 | age=47 | gender=Male | rows_written=419
[MSG] key=508 | partition=2 | offset=160 | age=34 | gender=Female | rows_written=420
[MSG] key=510 | partition=2 | offset=161 | age=42 | gender=Female | rows_written=421
[MSG] key=513 | partition=2 | offset=162 | age=36 | gender=Male | rows_written=422
[MSG] key=515 | partition=2 | offset=163 | age=29 | gender=Female | rows_written=423
[MSG] key=516 | partition=2 | offset=164 | age=58 | gender=Male | rows_written=424
[MSG] key=520 | partition=2 | offset=165 | age=24 | gender=Female | rows_written=425
[MSG] key=521 | partition=2 | offset=166 | age=45 | gender=Female | rows_written=426
[MSG] key=523 | partition=2 | offset=167 | age=48 | gender=Female | rows_written=427
[MSG] key=525 | partition=2 | offset=168 | age=33 | gender=Female | rows_written=428
[MSG] key=527 | partition=2 | offset=169 | age=52 | gender=Female | rows_written=429
[MSG] key=528 | partition=2 | offset=170 | age=29 | gender=Male | rows_written=430
[MSG] key=531 | partition=2 | offset=171 | age=53 | gender=Male | rows_written=431
[MSG] key=532 | partition=2 | offset=172 | age=40 | gender=Female | rows_written=432
[MSG] key=533 | partition=2 | offset=173 | age=33 | gender=Male | rows_written=433
[MSG] key=535 | partition=2 | offset=174 | age=59 | gender=Female | rows_written=434
[MSG] key=538 | partition=2 | offset=175 | age=48 | gender=Female | rows_written=435
[MSG] key=543 | partition=2 | offset=176 | age=28 | gender=Other | rows_written=436
[MSG] key=547 | partition=2 | offset=177 | age=27 | gender=Female | rows_written=437
[MSG] key=554 | partition=2 | offset=178 | age=26 | gender=Female | rows_written=438
[MSG] key=556 | partition=2 | offset=179 | age=19 | gender=Male | rows_written=439
[MSG] key=558 | partition=2 | offset=180 | age=46 | gender=Female | rows_written=440
[MSG] key=562 | partition=2 | offset=181 | age=25 | gender=Male | rows_written=441
[MSG] key=565 | partition=2 | offset=182 | age=34 | gender=Female | rows_written=442
[MSG] key=567 | partition=2 | offset=183 | age=42 | gender=Female | rows_written=443
[MSG] key=570 | partition=2 | offset=184 | age=23 | gender=Female | rows_written=444
[MSG] key=571 | partition=2 | offset=185 | age=48 | gender=Male | rows_written=445
[MSG] key=573 | partition=2 | offset=186 | age=56 | gender=Male | rows_written=446
[MSG] key=575 | partition=2 | offset=187 | age=27 | gender=Male | rows_written=447
[MSG] key=583 | partition=2 | offset=188 | age=45 | gender=Male | rows_written=448
[MSG] key=591 | partition=2 | offset=189 | age=42 | gender=Male | rows_written=449
[MSG] key=595 | partition=2 | offset=190 | age=49 | gender=Female | rows_written=450
[MSG] key=600 | partition=2 | offset=191 | age=54 | gender=Other | rows_written=451
[MSG] key=603 | partition=2 | offset=192 | age=36 | gender=Male | rows_written=452
[MSG] key=608 | partition=2 | offset=193 | age=32 | gender=Female | rows_written=453
[MSG] key=610 | partition=2 | offset=194 | age=18 | gender=Other | rows_written=454
[MSG] key=612 | partition=2 | offset=195 | age=33 | gender=Female | rows_written=455
[MSG] key=614 | partition=2 | offset=196 | age=28 | gender=Female | rows_written=456
[MSG] key=616 | partition=2 | offset=197 | age=27 | gender=Female | rows_written=457
[MSG] key=617 | partition=2 | offset=198 | age=49 | gender=Female | rows_written=458
[MSG] key=621 | partition=2 | offset=199 | age=29 | gender=Female | rows_written=459
[MSG] key=2 | partition=1 | offset=0 | age=32 | gender=Female | rows_written=460
[MSG] key=3 | partition=1 | offset=1 | age=25 | gender=Female | rows_written=461
[MSG] key=4 | partition=1 | offset=2 | age=38 | gender=Female | rows_written=462
[MSG] key=5 | partition=1 | offset=3 | age=56 | gender=Female | rows_written=463
[MSG] key=6 | partition=1 | offset=4 | age=36 | gender=Male | rows_written=464
[MSG] key=15 | partition=1 | offset=5 | age=39 | gender=Male | rows_written=465
[MSG] key=19 | partition=1 | offset=6 | age=55 | gender=Female | rows_written=466
[MSG] key=21 | partition=1 | offset=7 | age=38 | gender=Female | rows_written=467
[MSG] key=23 | partition=1 | offset=8 | age=29 | gender=Female | rows_written=468
[MSG] key=26 | partition=1 | offset=9 | age=44 | gender=Male | rows_written=469
[MSG] key=30 | partition=1 | offset=10 | age=32 | gender=Female | rows_written=470
[MSG] key=31 | partition=1 | offset=11 | age=20 | gender=Female | rows_written=471
[MSG] key=32 | partition=1 | offset=12 | age=54 | gender=Male | rows_written=472
[MSG] key=35 | partition=1 | offset=13 | age=26 | gender=Male | rows_written=473
[MSG] key=36 | partition=1 | offset=14 | age=56 | gender=Male | rows_written=474
[MSG] key=37 | partition=1 | offset=15 | age=35 | gender=Male | rows_written=475
[MSG] key=39 | partition=1 | offset=16 | age=42 | gender=Male | rows_written=476
[MSG] key=43 | partition=1 | offset=17 | age=19 | gender=Female | rows_written=477
[MSG] key=45 | partition=1 | offset=18 | age=45 | gender=Female | rows_written=478
[MSG] key=52 | partition=1 | offset=19 | age=57 | gender=Female | rows_written=479
[MSG] key=54 | partition=1 | offset=20 | age=19 | gender=Male | rows_written=480
[MSG] key=56 | partition=1 | offset=21 | age=59 | gender=Female | rows_written=481
[MSG] key=61 | partition=1 | offset=22 | age=51 | gender=Male | rows_written=482
[MSG] key=62 | partition=1 | offset=23 | age=27 | gender=Male | rows_written=483
[MSG] key=66 | partition=1 | offset=24 | age=32 | gender=Male | rows_written=484
[MSG] key=67 | partition=1 | offset=25 | age=25 | gender=Female | rows_written=485
[MSG] key=68 | partition=1 | offset=26 | age=31 | gender=Male | rows_written=486
[MSG] key=69 | partition=1 | offset=27 | age=40 | gender=Female | rows_written=487
[MSG] key=70 | partition=1 | offset=28 | age=57 | gender=Male | rows_written=488
[MSG] key=71 | partition=1 | offset=29 | age=38 | gender=Female | rows_written=489
[MSG] key=73 | partition=1 | offset=30 | age=35 | gender=Male | rows_written=490
[MSG] key=84 | partition=1 | offset=31 | age=41 | gender=Male | rows_written=491
[MSG] key=87 | partition=1 | offset=32 | age=41 | gender=Female | rows_written=492
[MSG] key=88 | partition=1 | offset=33 | age=28 | gender=Female | rows_written=493
[MSG] key=92 | partition=1 | offset=34 | age=52 | gender=Female | rows_written=494
[MSG] key=93 | partition=1 | offset=35 | age=50 | gender=Male | rows_written=495
[MSG] key=96 | partition=1 | offset=36 | age=56 | gender=Female | rows_written=496
[MSG] key=107 | partition=1 | offset=37 | age=54 | gender=Female | rows_written=497
[MSG] key=108 | partition=1 | offset=38 | age=52 | gender=Male | rows_written=498
[MSG] key=109 | partition=1 | offset=39 | age=57 | gender=Female | rows_written=499
[MSG] key=112 | partition=1 | offset=40 | age=52 | gender=Male | rows_written=500
[MSG] key=115 | partition=1 | offset=41 | age=54 | gender=Female | rows_written=501
[MSG] key=116 | partition=1 | offset=42 | age=31 | gender=Male | rows_written=502
[MSG] key=117 | partition=1 | offset=43 | age=20 | gender=Female | rows_written=503
[MSG] key=119 | partition=1 | offset=44 | age=22 | gender=Female | rows_written=504
[MSG] key=123 | partition=1 | offset=45 | age=44 | gender=Female | rows_written=505
[MSG] key=126 | partition=1 | offset=46 | age=32 | gender=Male | rows_written=506
[MSG] key=127 | partition=1 | offset=47 | age=43 | gender=Female | rows_written=507
[MSG] key=130 | partition=1 | offset=48 | age=49 | gender=Female | rows_written=508
[MSG] key=133 | partition=1 | offset=49 | age=21 | gender=Male | rows_written=509
[MSG] key=138 | partition=1 | offset=50 | age=32 | gender=Female | rows_written=510
[MSG] key=141 | partition=1 | offset=51 | age=30 | gender=Female | rows_written=511
[MSG] key=142 | partition=1 | offset=52 | age=49 | gender=Male | rows_written=512
[MSG] key=143 | partition=1 | offset=53 | age=24 | gender=Female | rows_written=513
[MSG] key=147 | partition=1 | offset=54 | age=59 | gender=Male | rows_written=514
[MSG] key=148 | partition=1 | offset=55 | age=23 | gender=Male | rows_written=515
[MSG] key=150 | partition=1 | offset=56 | age=45 | gender=Female | rows_written=516
[MSG] key=151 | partition=1 | offset=57 | age=37 | gender=Female | rows_written=517
[MSG] key=159 | partition=1 | offset=58 | age=44 | gender=Male | rows_written=518
[MSG] key=160 | partition=1 | offset=59 | age=30 | gender=Male | rows_written=519
[MSG] key=161 | partition=1 | offset=60 | age=58 | gender=Female | rows_written=520
[MSG] key=163 | partition=1 | offset=61 | age=56 | gender=Female | rows_written=521
[MSG] key=164 | partition=1 | offset=62 | age=23 | gender=Female | rows_written=522
[MSG] key=167 | partition=1 | offset=63 | age=26 | gender=Female | rows_written=523
[MSG] key=169 | partition=1 | offset=64 | age=50 | gender=Female | rows_written=524
[MSG] key=173 | partition=1 | offset=65 | age=49 | gender=Male | rows_written=525
[MSG] key=180 | partition=1 | offset=66 | age=20 | gender=Male | rows_written=526
[MSG] key=183 | partition=1 | offset=67 | age=19 | gender=Female | rows_written=527
[MSG] key=184 | partition=1 | offset=68 | age=19 | gender=Male | rows_written=528
[MSG] key=187 | partition=1 | offset=69 | age=54 | gender=Female | rows_written=529
[MSG] key=191 | partition=1 | offset=70 | age=36 | gender=Male | rows_written=530
[MSG] key=192 | partition=1 | offset=71 | age=19 | gender=Female | rows_written=531
[MSG] key=194 | partition=1 | offset=72 | age=49 | gender=Male | rows_written=532
[MSG] key=196 | partition=1 | offset=73 | age=49 | gender=Female | rows_written=533
[MSG] key=199 | partition=1 | offset=74 | age=34 | gender=Male | rows_written=534
[MSG] key=200 | partition=1 | offset=75 | age=55 | gender=Female | rows_written=535
[MSG] key=207 | partition=1 | offset=76 | age=33 | gender=Male | rows_written=536
[MSG] key=211 | partition=1 | offset=77 | age=33 | gender=Female | rows_written=537
[MSG] key=215 | partition=1 | offset=78 | age=53 | gender=Other | rows_written=538
[MSG] key=218 | partition=1 | offset=79 | age=20 | gender=Male | rows_written=539
[MSG] key=224 | partition=1 | offset=80 | age=50 | gender=Male | rows_written=540
[MSG] key=228 | partition=1 | offset=81 | age=57 | gender=Male | rows_written=541
[MSG] key=229 | partition=1 | offset=82 | age=18 | gender=Male | rows_written=542
[MSG] key=231 | partition=1 | offset=83 | age=45 | gender=Male | rows_written=543
[MSG] key=234 | partition=1 | offset=84 | age=48 | gender=Female | rows_written=544
[MSG] key=235 | partition=1 | offset=85 | age=47 | gender=Male | rows_written=545
[MSG] key=238 | partition=1 | offset=86 | age=24 | gender=Male | rows_written=546
[MSG] key=240 | partition=1 | offset=87 | age=43 | gender=Female | rows_written=547
[MSG] key=243 | partition=1 | offset=88 | age=29 | gender=Male | rows_written=548
[MSG] key=248 | partition=1 | offset=89 | age=58 | gender=Female | rows_written=549
[MSG] key=249 | partition=1 | offset=90 | age=52 | gender=Female | rows_written=550
[MSG] key=253 | partition=1 | offset=91 | age=37 | gender=Female | rows_written=551
[MSG] key=254 | partition=1 | offset=92 | age=41 | gender=Male | rows_written=552
[MSG] key=256 | partition=1 | offset=93 | age=41 | gender=Female | rows_written=553
[MSG] key=260 | partition=1 | offset=94 | age=55 | gender=Male | rows_written=554
[MSG] key=262 | partition=1 | offset=95 | age=37 | gender=Female | rows_written=555
[MSG] key=269 | partition=1 | offset=96 | age=35 | gender=Female | rows_written=556
[MSG] key=271 | partition=1 | offset=97 | age=52 | gender=Male | rows_written=557
[MSG] key=272 | partition=1 | offset=98 | age=33 | gender=Male | rows_written=558
[MSG] key=277 | partition=1 | offset=99 | age=50 | gender=Female | rows_written=559
[MSG] key=278 | partition=1 | offset=100 | age=31 | gender=Female | rows_written=560
[MSG] key=279 | partition=1 | offset=101 | age=38 | gender=Male | rows_written=561
[MSG] key=281 | partition=1 | offset=102 | age=25 | gender=Male | rows_written=562
[MSG] key=283 | partition=1 | offset=103 | age=20 | gender=Male | rows_written=563
[MSG] key=288 | partition=1 | offset=104 | age=39 | gender=Male | rows_written=564
[MSG] key=295 | partition=1 | offset=105 | age=51 | gender=Female | rows_written=565
[MSG] key=296 | partition=1 | offset=106 | age=38 | gender=Male | rows_written=566
[MSG] key=298 | partition=1 | offset=107 | age=50 | gender=Male | rows_written=567
[MSG] key=301 | partition=1 | offset=108 | age=22 | gender=Male | rows_written=568
[MSG] key=302 | partition=1 | offset=109 | age=36 | gender=Male | rows_written=569
[MSG] key=304 | partition=1 | offset=110 | age=52 | gender=Other | rows_written=570
[MSG] key=307 | partition=1 | offset=111 | age=47 | gender=Male | rows_written=571
[MSG] key=308 | partition=1 | offset=112 | age=46 | gender=Male | rows_written=572
[MSG] key=310 | partition=1 | offset=113 | age=52 | gender=Male | rows_written=573
[MSG] key=319 | partition=1 | offset=114 | age=49 | gender=Female | rows_written=574
[MSG] key=320 | partition=1 | offset=115 | age=40 | gender=Female | rows_written=575
[MSG] key=326 | partition=1 | offset=116 | age=48 | gender=Male | rows_written=576
[MSG] key=328 | partition=1 | offset=117 | age=57 | gender=Female | rows_written=577
[MSG] key=329 | partition=1 | offset=118 | age=41 | gender=Male | rows_written=578
[MSG] key=331 | partition=1 | offset=119 | age=39 | gender=Female | rows_written=579
[MSG] key=333 | partition=1 | offset=120 | age=19 | gender=Female | rows_written=580
[MSG] key=334 | partition=1 | offset=121 | age=44 | gender=Male | rows_written=581
[MSG] key=335 | partition=1 | offset=122 | age=59 | gender=Male | rows_written=582
[MSG] key=336 | partition=1 | offset=123 | age=19 | gender=Male | rows_written=583
[MSG] key=339 | partition=1 | offset=124 | age=57 | gender=Male | rows_written=584
[MSG] key=343 | partition=1 | offset=125 | age=46 | gender=Female | rows_written=585
[MSG] key=344 | partition=1 | offset=126 | age=59 | gender=Female | rows_written=586
[MSG] key=345 | partition=1 | offset=127 | age=43 | gender=Male | rows_written=587
[MSG] key=352 | partition=1 | offset=128 | age=37 | gender=Male | rows_written=588
[MSG] key=353 | partition=1 | offset=129 | age=18 | gender=Female | rows_written=589
[MSG] key=355 | partition=1 | offset=130 | age=33 | gender=Male | rows_written=590
[MSG] key=356 | partition=1 | offset=131 | age=31 | gender=Female | rows_written=591
[MSG] key=363 | partition=1 | offset=132 | age=49 | gender=Female | rows_written=592
[MSG] key=366 | partition=1 | offset=133 | age=42 | gender=Male | rows_written=593
[MSG] key=374 | partition=1 | offset=134 | age=25 | gender=Female | rows_written=594
[MSG] key=377 | partition=1 | offset=135 | age=21 | gender=Female | rows_written=595
[MSG] key=378 | partition=1 | offset=136 | age=23 | gender=Female | rows_written=596
[MSG] key=381 | partition=1 | offset=137 | age=52 | gender=Female | rows_written=597
[MSG] key=382 | partition=1 | offset=138 | age=57 | gender=Male | rows_written=598
[MSG] key=384 | partition=1 | offset=139 | age=30 | gender=Female | rows_written=599
[MSG] key=385 | partition=1 | offset=140 | age=59 | gender=Male | rows_written=600
[MSG] key=386 | partition=1 | offset=141 | age=47 | gender=Female | rows_written=601
[MSG] key=389 | partition=1 | offset=142 | age=36 | gender=Female | rows_written=602
[MSG] key=396 | partition=1 | offset=143 | age=29 | gender=Female | rows_written=603
[MSG] key=399 | partition=1 | offset=144 | age=51 | gender=Female | rows_written=604
[MSG] key=403 | partition=1 | offset=145 | age=18 | gender=Female | rows_written=605
[MSG] key=408 | partition=1 | offset=146 | age=46 | gender=Male | rows_written=606
[MSG] key=410 | partition=1 | offset=147 | age=29 | gender=Male | rows_written=607
[MSG] key=416 | partition=1 | offset=148 | age=31 | gender=Female | rows_written=608
[MSG] key=418 | partition=1 | offset=149 | age=22 | gender=Male | rows_written=609
[MSG] key=420 | partition=1 | offset=150 | age=22 | gender=Female | rows_written=610
[MSG] key=425 | partition=1 | offset=151 | age=38 | gender=Female | rows_written=611
[MSG] key=426 | partition=1 | offset=152 | age=56 | gender=Other | rows_written=612
[MSG] key=427 | partition=1 | offset=153 | age=53 | gender=Male | rows_written=613
[MSG] key=428 | partition=1 | offset=154 | age=50 | gender=Female | rows_written=614
[MSG] key=429 | partition=1 | offset=155 | age=47 | gender=Male | rows_written=615
[MSG] key=432 | partition=1 | offset=156 | age=27 | gender=Female | rows_written=616
[MSG] key=436 | partition=1 | offset=157 | age=48 | gender=Male | rows_written=617
[MSG] key=446 | partition=1 | offset=158 | age=19 | gender=Other | rows_written=618
[MSG] key=447 | partition=1 | offset=159 | age=45 | gender=Male | rows_written=619
[MSG] key=451 | partition=1 | offset=160 | age=41 | gender=Female | rows_written=620
[MSG] key=452 | partition=1 | offset=161 | age=29 | gender=Female | rows_written=621
[MSG] key=455 | partition=1 | offset=162 | age=50 | gender=Female | rows_written=622
[MSG] key=457 | partition=1 | offset=163 | age=29 | gender=Male | rows_written=623
[MSG] key=459 | partition=1 | offset=164 | age=18 | gender=Male | rows_written=624
[MSG] key=463 | partition=1 | offset=165 | age=46 | gender=Female | rows_written=625
[MSG] key=468 | partition=1 | offset=166 | age=52 | gender=Male | rows_written=626
[MSG] key=469 | partition=1 | offset=167 | age=40 | gender=Male | rows_written=627
[MSG] key=475 | partition=1 | offset=168 | age=27 | gender=Female | rows_written=628
[MSG] key=477 | partition=1 | offset=169 | age=51 | gender=Male | rows_written=629
[MSG] key=481 | partition=1 | offset=170 | age=28 | gender=Male | rows_written=630
[MSG] key=482 | partition=1 | offset=171 | age=46 | gender=Female | rows_written=631
[MSG] key=484 | partition=1 | offset=172 | age=42 | gender=Male | rows_written=632
[MSG] key=486 | partition=1 | offset=173 | age=53 | gender=Female | rows_written=633
[MSG] key=487 | partition=1 | offset=174 | age=27 | gender=Female | rows_written=634
[MSG] key=491 | partition=1 | offset=175 | age=52 | gender=Male | rows_written=635
[MSG] key=492 | partition=1 | offset=176 | age=52 | gender=Female | rows_written=636
[MSG] key=494 | partition=1 | offset=177 | age=35 | gender=Female | rows_written=637
[MSG] key=502 | partition=1 | offset=178 | age=30 | gender=Female | rows_written=638
[MSG] key=505 | partition=1 | offset=179 | age=52 | gender=Male | rows_written=639
[MSG] key=511 | partition=1 | offset=180 | age=39 | gender=Female | rows_written=640
[MSG] key=512 | partition=1 | offset=181 | age=30 | gender=Female | rows_written=641
[MSG] key=519 | partition=1 | offset=182 | age=26 | gender=Female | rows_written=642
[MSG] key=522 | partition=1 | offset=183 | age=31 | gender=Female | rows_written=643
[MSG] key=526 | partition=1 | offset=184 | age=22 | gender=Female | rows_written=644
[MSG] key=530 | partition=1 | offset=185 | age=38 | gender=Female | rows_written=645
[MSG] key=536 | partition=1 | offset=186 | age=56 | gender=Male | rows_written=646
[MSG] key=539 | partition=1 | offset=187 | age=22 | gender=Female | rows_written=647
[MSG] key=540 | partition=1 | offset=188 | age=52 | gender=Male | rows_written=648
[MSG] key=541 | partition=1 | offset=189 | age=40 | gender=Male | rows_written=649
[MSG] key=544 | partition=1 | offset=190 | age=35 | gender=Female | rows_written=650
[MSG] key=548 | partition=1 | offset=191 | age=34 | gender=Female | rows_written=651
[MSG] key=551 | partition=1 | offset=192 | age=30 | gender=Female | rows_written=652
[MSG] key=552 | partition=1 | offset=193 | age=57 | gender=Other | rows_written=653
[MSG] key=555 | partition=1 | offset=194 | age=44 | gender=Female | rows_written=654
[MSG] key=559 | partition=1 | offset=195 | age=54 | gender=Male | rows_written=655
[MSG] key=560 | partition=1 | offset=196 | age=55 | gender=Male | rows_written=656
[MSG] key=563 | partition=1 | offset=197 | age=18 | gender=Female | rows_written=657
[MSG] key=564 | partition=1 | offset=198 | age=39 | gender=Male | rows_written=658
[MSG] key=568 | partition=1 | offset=199 | age=21 | gender=Other | rows_written=659
[MSG] key=572 | partition=1 | offset=200 | age=36 | gender=Female | rows_written=660
[MSG] key=574 | partition=1 | offset=201 | age=44 | gender=Male | rows_written=661
[MSG] key=578 | partition=1 | offset=202 | age=56 | gender=Female | rows_written=662
[MSG] key=579 | partition=1 | offset=203 | age=20 | gender=Male | rows_written=663
[MSG] key=582 | partition=1 | offset=204 | age=37 | gender=Male | rows_written=664
[MSG] key=584 | partition=1 | offset=205 | age=25 | gender=Male | rows_written=665
[MSG] key=586 | partition=1 | offset=206 | age=56 | gender=Female | rows_written=666
[MSG] key=587 | partition=1 | offset=207 | age=18 | gender=Male | rows_written=667
[MSG] key=589 | partition=1 | offset=208 | age=30 | gender=Female | rows_written=668
[MSG] key=592 | partition=1 | offset=209 | age=50 | gender=Female | rows_written=669
[MSG] key=594 | partition=1 | offset=210 | age=23 | gender=Male | rows_written=670
[MSG] key=597 | partition=1 | offset=211 | age=33 | gender=Female | rows_written=671
[MSG] key=598 | partition=1 | offset=212 | age=38 | gender=Male | rows_written=672
[MSG] key=599 | partition=1 | offset=213 | age=28 | gender=Male | rows_written=673
[MSG] key=601 | partition=1 | offset=214 | age=53 | gender=Male | rows_written=674
[MSG] key=607 | partition=1 | offset=215 | age=31 | gender=Male | rows_written=675
[MSG] key=613 | partition=1 | offset=216 | age=40 | gender=Female | rows_written=676
[MSG] key=618 | partition=1 | offset=217 | age=33 | gender=Male | rows_written=677
[MSG] key=619 | partition=1 | offset=218 | age=25 | gender=Male | rows_written=678
[MSG] key=620 | partition=1 | offset=219 | age=55 | gender=Female | rows_written=679
[MSG] key=623 | partition=1 | offset=220 | age=45 | gender=Female | rows_written=680
[MSG] key=624 | partition=1 | offset=221 | age=25 | gender=Male | rows_written=681
[MSG] key=627 | partition=1 | offset=222 | age=43 | gender=Male | rows_written=682
[MSG] key=628 | partition=1 | offset=223 | age=25 | gender=Male | rows_written=683
[MSG] key=631 | partition=1 | offset=224 | age=54 | gender=Female | rows_written=684
[MSG] key=634 | partition=1 | offset=225 | age=44 | gender=Male | rows_written=685
[MSG] key=637 | partition=1 | offset=226 | age=50 | gender=Male | rows_written=686
[MSG] key=640 | partition=1 | offset=227 | age=45 | gender=Female | rows_written=687
[MSG] key=641 | partition=1 | offset=228 | age=46 | gender=Male | rows_written=688
[MSG] key=642 | partition=1 | offset=229 | age=30 | gender=Female | rows_written=689
[MSG] key=646 | partition=1 | offset=230 | age=22 | gender=Female | rows_written=690
[MSG] key=647 | partition=1 | offset=231 | age=42 | gender=Male | rows_written=691
[MSG] key=648 | partition=1 | offset=232 | age=19 | gender=Male | rows_written=692
[MSG] key=652 | partition=1 | offset=233 | age=50 | gender=Female | rows_written=693
[MSG] key=654 | partition=1 | offset=234 | age=35 | gender=Female | rows_written=694
[MSG] key=666 | partition=1 | offset=235 | age=52 | gender=Female | rows_written=695
[MSG] key=671 | partition=1 | offset=236 | age=34 | gender=Female | rows_written=696
[MSG] key=673 | partition=1 | offset=237 | age=48 | gender=Female | rows_written=697
[MSG] key=682 | partition=1 | offset=238 | age=36 | gender=Male | rows_written=698
[MSG] key=689 | partition=1 | offset=239 | age=21 | gender=Female | rows_written=699
[MSG] key=694 | partition=1 | offset=240 | age=45 | gender=Female | rows_written=700
[MSG] key=695 | partition=1 | offset=241 | age=48 | gender=Male | rows_written=701
[MSG] key=699 | partition=1 | offset=242 | age=51 | gender=Female | rows_written=702
[MSG] key=700 | partition=1 | offset=243 | age=20 | gender=Female | rows_written=703
[MSG] key=703 | partition=1 | offset=244 | age=22 | gender=Female | rows_written=704
[MSG] key=709 | partition=1 | offset=245 | age=54 | gender=Female | rows_written=705
[MSG] key=718 | partition=1 | offset=246 | age=51 | gender=Male | rows_written=706
[MSG] key=725 | partition=1 | offset=247 | age=50 | gender=Female | rows_written=707
[MSG] key=726 | partition=1 | offset=248 | age=41 | gender=Female | rows_written=708
[MSG] key=729 | partition=1 | offset=249 | age=59 | gender=Male | rows_written=709
[MSG] key=734 | partition=1 | offset=250 | age=27 | gender=Female | rows_written=710
[MSG] key=735 | partition=1 | offset=251 | age=34 | gender=Female | rows_written=711
[MSG] key=738 | partition=1 | offset=252 | age=37 | gender=Female | rows_written=712
[MSG] key=741 | partition=1 | offset=253 | age=51 | gender=Male | rows_written=713
[MSG] key=744 | partition=1 | offset=254 | age=30 | gender=Female | rows_written=714
[MSG] key=748 | partition=1 | offset=255 | age=48 | gender=Male | rows_written=715
[MSG] key=753 | partition=1 | offset=256 | age=57 | gender=Male | rows_written=716
[MSG] key=754 | partition=1 | offset=257 | age=21 | gender=Other | rows_written=717
[MSG] key=755 | partition=1 | offset=258 | age=42 | gender=Male | rows_written=718
[MSG] key=759 | partition=1 | offset=259 | age=44 | gender=Male | rows_written=719
[MSG] key=760 | partition=1 | offset=260 | age=46 | gender=Other | rows_written=720
[MSG] key=764 | partition=1 | offset=261 | age=22 | gender=Male | rows_written=721
[MSG] key=766 | partition=1 | offset=262 | age=45 | gender=Male | rows_written=722
[MSG] key=773 | partition=1 | offset=263 | age=58 | gender=Male | rows_written=723
[MSG] key=778 | partition=1 | offset=264 | age=43 | gender=Female | rows_written=724
[MSG] key=779 | partition=1 | offset=265 | age=44 | gender=Female | rows_written=725
[MSG] key=780 | partition=1 | offset=266 | age=26 | gender=Female | rows_written=726
[MSG] key=784 | partition=1 | offset=267 | age=34 | gender=Male | rows_written=727
[MSG] key=787 | partition=1 | offset=268 | age=18 | gender=Female | rows_written=728
[MSG] key=789 | partition=1 | offset=269 | age=52 | gender=Male | rows_written=729
[MSG] key=792 | partition=1 | offset=270 | age=31 | gender=Male | rows_written=730
[MSG] key=793 | partition=1 | offset=271 | age=43 | gender=Female | rows_written=731
[MSG] key=796 | partition=1 | offset=272 | age=31 | gender=Other | rows_written=732
[MSG] key=797 | partition=1 | offset=273 | age=41 | gender=Other | rows_written=733
[MSG] key=798 | partition=1 | offset=274 | age=19 | gender=Male | rows_written=734
[MSG] key=622 | partition=2 | offset=200 | age=41 | gender=Female | rows_written=735
[MSG] key=625 | partition=2 | offset=201 | age=45 | gender=Male | rows_written=736
[MSG] key=626 | partition=2 | offset=202 | age=53 | gender=Female | rows_written=737
[MSG] key=629 | partition=2 | offset=203 | age=45 | gender=Female | rows_written=738
[MSG] key=630 | partition=2 | offset=204 | age=45 | gender=Male | rows_written=739
[MSG] key=633 | partition=2 | offset=205 | age=53 | gender=Female | rows_written=740
[MSG] key=635 | partition=2 | offset=206 | age=34 | gender=Male | rows_written=741
[MSG] key=638 | partition=2 | offset=207 | age=37 | gender=Male | rows_written=742
[MSG] key=643 | partition=2 | offset=208 | age=52 | gender=Female | rows_written=743
[MSG] key=644 | partition=2 | offset=209 | age=23 | gender=Female | rows_written=744
[MSG] key=649 | partition=2 | offset=210 | age=27 | gender=Other | rows_written=745
[MSG] key=651 | partition=2 | offset=211 | age=22 | gender=Female | rows_written=746
[MSG] key=653 | partition=2 | offset=212 | age=18 | gender=Female | rows_written=747
[MSG] key=657 | partition=2 | offset=213 | age=38 | gender=Female | rows_written=748
[MSG] key=660 | partition=2 | offset=214 | age=39 | gender=Male | rows_written=749
[MSG] key=663 | partition=2 | offset=215 | age=50 | gender=Male | rows_written=750
[MSG] key=665 | partition=2 | offset=216 | age=58 | gender=Female | rows_written=751
[MSG] key=667 | partition=2 | offset=217 | age=18 | gender=Male | rows_written=752
[MSG] key=668 | partition=2 | offset=218 | age=38 | gender=Male | rows_written=753
[MSG] key=669 | partition=2 | offset=219 | age=23 | gender=Male | rows_written=754
[MSG] key=670 | partition=2 | offset=220 | age=45 | gender=Female | rows_written=755
[MSG] key=672 | partition=2 | offset=221 | age=22 | gender=Male | rows_written=756
[MSG] key=675 | partition=2 | offset=222 | age=55 | gender=Female | rows_written=757
[MSG] key=676 | partition=2 | offset=223 | age=20 | gender=Female | rows_written=758
[MSG] key=677 | partition=2 | offset=224 | age=40 | gender=Female | rows_written=759
[MSG] key=680 | partition=2 | offset=225 | age=27 | gender=Male | rows_written=760
[MSG] key=687 | partition=2 | offset=226 | age=18 | gender=Female | rows_written=761
[MSG] key=690 | partition=2 | offset=227 | age=18 | gender=Male | rows_written=762
[MSG] key=696 | partition=2 | offset=228 | age=25 | gender=Other | rows_written=763
[MSG] key=697 | partition=2 | offset=229 | age=56 | gender=Male | rows_written=764
[MSG] key=698 | partition=2 | offset=230 | age=43 | gender=Male | rows_written=765
[MSG] key=702 | partition=2 | offset=231 | age=18 | gender=Female | rows_written=766
[MSG] key=705 | partition=2 | offset=232 | age=47 | gender=Other | rows_written=767
[MSG] key=706 | partition=2 | offset=233 | age=34 | gender=Other | rows_written=768
[MSG] key=707 | partition=2 | offset=234 | age=40 | gender=Female | rows_written=769
[MSG] key=708 | partition=2 | offset=235 | age=32 | gender=Male | rows_written=770
[MSG] key=710 | partition=2 | offset=236 | age=38 | gender=Male | rows_written=771
[MSG] key=711 | partition=2 | offset=237 | age=31 | gender=Male | rows_written=772
[MSG] key=713 | partition=2 | offset=238 | age=28 | gender=Male | rows_written=773
[MSG] key=720 | partition=2 | offset=239 | age=47 | gender=Other | rows_written=774
[MSG] key=721 | partition=2 | offset=240 | age=32 | gender=Male | rows_written=775
[MSG] key=723 | partition=2 | offset=241 | age=51 | gender=Female | rows_written=776
[MSG] key=724 | partition=2 | offset=242 | age=55 | gender=Male | rows_written=777
[MSG] key=727 | partition=2 | offset=243 | age=32 | gender=Female | rows_written=778
[MSG] key=730 | partition=2 | offset=244 | age=34 | gender=Male | rows_written=779
[MSG] key=732 | partition=2 | offset=245 | age=46 | gender=Female | rows_written=780
[MSG] key=740 | partition=2 | offset=246 | age=22 | gender=Male | rows_written=781
[MSG] key=743 | partition=2 | offset=247 | age=19 | gender=Male | rows_written=782
[MSG] key=746 | partition=2 | offset=248 | age=40 | gender=Male | rows_written=783
[MSG] key=747 | partition=2 | offset=249 | age=33 | gender=Female | rows_written=784
[MSG] key=749 | partition=2 | offset=250 | age=28 | gender=Female | rows_written=785
[MSG] key=750 | partition=2 | offset=251 | age=33 | gender=Male | rows_written=786
[MSG] key=751 | partition=2 | offset=252 | age=25 | gender=Female | rows_written=787
[MSG] key=752 | partition=2 | offset=253 | age=21 | gender=Male | rows_written=788
[MSG] key=762 | partition=2 | offset=254 | age=36 | gender=Male | rows_written=789