Group: demographics-group-2 | Topic: demographics_events
Waiting for messages... (Ctrl+C to stop)
------------------------------------------------------------
[GROUP-2] key=2 | partition=1 | offset=0 | age=32 | gender=Female
[GROUP-2] key=3 | partition=1 | offset=1 | age=25 | gender=Female
[GROUP-2] key=4 | partition=1 | offset=2 | age=38 | gender=Female
[GROUP-2] key=5 | partition=1 | offset=3 | age=56 | gender=Female
[GROUP-2] key=6 | partition=1 | offset=4 | age=36 | gender=Male
[GROUP-2] key=15 | partition=1 | offset=5 | age=39 | gender=Male
[GROUP-2] key=19 | partition=1 | offset=6 | age=55 | gender=Female
[GROUP-2] key=21 | partition=1 | offset=7 | age=38 | gender=Female
[GROUP-2] key=23 | partition=1 | offset=8 | age=29 | gender=Female
[GROUP-2] key=26 | partition=1 | offset=9 | age=44 | gender=Male
[GROUP-2] key=30 | partition=1 | offset=10 | age=32 | gender=Female
[GROUP-2] key=31 | partition=1 | offset=11 | age=20 | gender=Female
[GROUP-2] key=32 | partition=1 | offset=12 | age=54 | gender=Male
[GROUP-2] key=35 | partition=1 | offset=13 | age=26 | gender=Male
[GROUP-2] key=36 | partition=1 | offset=14 | age=56 | gender=Male
[GROUP-2] key=37 | partition=1 | offset=15 | age=35 | gender=Male
[GROUP-2] key=39 | partition=1 | offset=16 | age=42 | gender=Male
[GROUP-2] key=43 | partition=1 | offset=17 | age=19 | gender=Female
[GROUP-2] key=45 | partition=1 | offset=18 | age=45 | gender=Female
[GROUP-2] key=52 | partition=1 | offset=19 | age=57 | gender=Female
[GROUP-2] key=54 | partition=1 | offset=20 | age=19 | gender=Male
[GROUP-2] key=56 | partition=1 | offset=21 | age=59 | gender=Female
[GROUP-2] key=61 | partition=1 | offset=22 | age=51 | gender=Male
[GROUP-2] key=62 | partition=1 | offset=23 | age=27 | gender=Male
[GROUP-2] key=66 | partition=1 | offset=24 | age=32 | gender=Male
[GROUP-2] key=67 | partition=1 | offset=25 | age=25 | gender=Female
[GROUP-2] key=68 | partition=1 | offset=26 | age=31 | gender=Male
[GROUP-2] key=69 | partition=1 | offset=27 | age=40 | gender=Female
[GROUP-2] key=70 | partition=1 | offset=28 | age=57 | gender=Male
[GROUP-2] key=71 | partition=1 | offset=29 | age=38 | gender=Female
[GROUP-2] key=73 | partition=1 | offset=30 | age=35 | gender=Male
[GROUP-2] key=84 | partition=1 | offset=31 | age=41 | gender=Male
[GROUP-2] key=87 | partition=1 | offset=32 | age=41 | gender=Female
[GROUP-2] key=88 | partition=1 | offset=33 | age=28 | gender=Female
[GROUP-2] key=92 | partition=1 | offset=34 | age=52 | gender=Female
[GROUP-2] key=93 | partition=1 | offset=35 | age=50 | gender=Male
[GROUP-2] key=96 | partition=1 | offset=36 | age=56 | gender=Female
[GROUP-2] key=107 | partition=1 | offset=37 | age=54 | gender=Female
[GROUP-2] key=108 | partition=1 | offset=38 | age=52 | gender=Male
[GROUP-2] key=109 | partition=1 | offset=39 | age=57 | gender=Female
[GROUP-2] key=112 | partition=1 | offset=40 | age=52 | gender=Male
[GROUP-2] key=115 | partition=1 | offset=41 | age=54 | gender=Female
[GROUP-2] key=116 | partition=1 | offset=42 | age=31 | gender=Male
[GROUP-2] key=117 | partition=1 | offset=43 | age=20 | gender=Female
[GROUP-2] key=119 | partition=1 | offset=44 | age=22 | gender=Female
[GROUP-2] key=123 | partition=1 | offset=45 | age=44 | gender=Female
[GROUP-2] key=126 | partition=1 | offset=46 | age=32 | gender=Male
[GROUP-2] key=127 | partition=1 | offset=47 | age=43 | gender=Female
[GROUP-2] key=130 | partition=1 | offset=48 | age=49 | gender=Female
[GROUP-2] key=133 | partition=1 | offset=49 | age=21 | gender=Male
[GROUP-2] key=138 | partition=1 | offset=50 | age=32 | gender=Female
[GROUP-2] key=141 | partition=1 | offset=51 | age=30 | gender=Female
[GROUP-2] key=142 | partition=1 | offset=52 | age=49 | gender=Male
[GROUP-2] key=143 | partition=1 | offset=53 | age=24 | gender=Female
[GROUP-2] key=147 | partition=1 | offset=54 | age=59 | gender=Male
[GROUP-2] key=148 | partition=1 | offset=55 | age=23 | gender=Male
[GROUP-2] key=150 | partition=1 | offset=56 | age=45 | gender=Female
[GROUP-2] key=151 | partition=1 | offset=57 | age=37 | gender=Female
[GROUP-2] key=159 | partition=1 | offset=58 | age=44 | gender=Male
[GROUP-2] key=160 | partition=1 | offset=59 | age=30 | gender=Male
[GROUP-2] key=161 | partition=1 | offset=60 | age=58 | gender=Female
[GROUP-2] key=163 | partition=1 | offset=61 | age=56 | gender=Female
[GROUP-2] key=164 | partition=1 | offset=62 | age=23 | gender=Female
[GROUP-2] key=167 | partition=1 | offset=63 | age=26 | gender=Female
[GROUP-2] key=169 | partition=1 | offset=64 | age=50 | gender=Female
[GROUP-2] key=173 | partition=1 | offset=65 | age=49 | gender=Male
[GROUP-2] key=180 | partition=1 | offset=66 | age=20 | gender=Male
[GROUP-2] key=183 | partition=1 | offset=67 | age=19 | gender=Female
[GROUP-2] key=184 | partition=1 | offset=68 | age=19 | gender=Male
[GROUP-2] key=187 | partition=1 | offset=69 | age=54 | gender=Female
[GROUP-2] key=191 | partition=1 | offset=70 | age=36 | gender=Male
[GROUP-2] key=192 | partition=1 | offset=71 | age=19 | gender=Female
[GROUP-2] key=194 | partition=1 | offset=72 | age=49 | gender=Male
[GROUP-2] key=196 | partition=1 | offset=73 | age=49 | gender=Female
[GROUP-2] key=199 | partition=1 | offset=74 | age=34 | gender=Male
[GROUP-2] key=200 | partition=1 | offset=75 | age=55 | gender=Female
[GROUP-2] key=207 | partition=1 | offset=76 | age=33 | gender=Male
[GROUP-2] key=211 | partition=1 | offset=77 | age=33 | gender=Female
[GROUP-2] key=215 | partition=1 | offset=78 | age=53 | gender=Other
[GROUP-2] key=218 | partition=1 | offset=79 | age=20 | gender=Male
[GROUP-2] key=224 | partition=1 | offset=80 | age=50 | gender=Male
[GROUP-2] key=228 | partition=1 | offset=81 | age=57 | gender=Male
[GROUP-2] key=229 | partition=1 | offset=82 | age=18 | gender=Male
[GROUP-2] key=231 | partition=1 | offset=83 | age=45 | gender=Male
[GROUP-2] key=234 | partition=1 | offset=84 | age=48 | gender=Female
[GROUP-2] key=235 | partition=1 | offset=85 | age=47 | gender=Male
[GROUP-2] key=238 | partition=1 | offset=86 | age=24 | gender=Male
[GROUP-2] key=240 | partition=1 | offset=87 | age=43 | gender=Female
[GROUP-2] key=243 | partition=1 | offset=88 | age=29 | gender=Male
[GROUP-2] key=248 | partition=1 | offset=89 | age=58 | gender=Female
[GROUP-2] key=249 | partition=1 | offset=90 | age=52 | gender=Female
[GROUP-2] key=253 | partition=1 | offset=91 | age=37 | gender=Female
[GROUP-2] key=254 | partition=1 | offset=92 | age=41 | gender=Male
[GROUP-2] key=256 | partition=1 | offset=93 | age=41 | gender=Female
[GROUP-2] key=260 | partition=1 | offset=94 | age=55 | gender=Male
[GROUP-2] key=262 | partition=1 | offset=95 | age=37 | gender=Female
[GROUP-2] key=269 | partition=1 | offset=96 | age=35 | gender=Female
[GROUP-2] key=271 | partition=1 | offset=97 | age=52 | gender=Male
[GROUP-2] key=272 | partition=1 | offset=98 | age=33 | gender=Male
[GROUP-2] key=277 | partition=1 | offset=99 | age=50 | gender=Female
[GROUP-2] key=278 | partition=1 | offset=100 | age=31 | gender=Female
[GROUP-2] key=279 | partition=1 | offset=101 | age=38 | gender=Male
[GROUP-2] key=281 | partition=1 | offset=102 | age=25 | gender=Male
[GROUP-2] key=283 | partition=1 | offset=103 | age=20 | gender=Male
[GROUP-2] key=288 | partition=1 | offset=104 | age=39 | gender=Male
[GROUP-2] key=295 | partition=1 | offset=105 | age=51 | gender=Female
[GROUP-2] key=296 | partition=1 | offset=106 | age=38 | gender=Male
[GROUP-2] key=298 | partition=1 | offset=107 | age=50 | gender=Male
[GROUP-2] key=301 | partition=1 | offset=108 | age=22 | gender=Male
[GROUP-2] key=302 | partition=1 | offset=109 | age=36 | gender=Male
[GROUP-2] key=304 | partition=1 | offset=110 | age=52 | gender=Other
[GROUP-2] key=307 | partition=1 | offset=111 | age=47 | gender=Male
[GROUP-2] key=308 | partition=1 | offset=112 | age=46 | gender=Male
[GROUP-2] key=310 | partition=1 | offset=113 | age=52 | gender=Male
[GROUP-2] key=319 | partition=1 | offset=114 | age=49 | gender=Female
[GROUP-2] key=320 | partition=1 | offset=115 | age=40 | gender=Female
[GROUP-2] key=326 | partition=1 | offset=116 | age=48 | gender=Male
[GROUP-2] key=328 | partition=1 | offset=117 | age=57 | gender=Female
[GROUP-2] key=329 | partition=1 | offset=118 | age=41 | gender=Male
[GROUP-2] key=331 | partition=1 | offset=119 | age=39 | gender=Female
[GROUP-2] key=333 | partition=1 | offset=120 | age=19 | gender=Female
[GROUP-2] key=334 | partition=1 | offset=121 | age=44 | gender=Male
[GROUP-2] key=335 | partition=1 | offset=122 | age=59 | gender=Male
[GROUP-2] key=336 | partition=1 | offset=123 | age=19 | gender=Male
[GROUP-2] key=339 | partition=1 | offset=124 | age=57 | gender=Male
[GROUP-2] key=343 | partition=1 | offset=125 | age=46 | gender=Female
[GROUP-2] key=344 | partition=1 | offset=126 | age=59 | gender=Female
[GROUP-2] key=345 | partition=1 | offset=127 | age=43 | gender=Male
[GROUP-2] key=352 | partition=1 | offset=128 | age=37 | gender=Male
[GROUP-2] key=353 | partition=1 | offset=129 | age=18 | gender=Female
[GROUP-2] key=355 | partition=1 | offset=130 | age=33 | gender=Male
[GROUP-2] key=356 | partition=1 | offset=131 | age=31 | gender=Female
[GROUP-2] key=363 | partition=1 | offset=132 | age=49 | gender=Female
[GROUP-2] key=366 | partition=1 | offset=133 | age=42 | gender=Male
[GROUP-2] key=374 | partition=1 | offset=134 | age=25 | gender=Female
[GROUP-2] key=377 | partition=1 | offset=135 | age=21 | gender=Female
[GROUP-2] key=378 | partition=1 | offset=136 | age=23 | gender=Female
[GROUP-2] key=381 | partition=1 | offset=137 | age=52 | gender=Female
[GROUP-2] key=382 | partition=1 | offset=138 | age=57 | gender=Male
[GROUP-2] key=384 | partition=1 | offset=139 | age=30 | gender=Female
[GROUP-2] key=385 | partition=1 | offset=140 | age=59 | gender=Male
[GROUP-2] key=386 | partition=1 | offset=141 | age=47 | gender=Female
[GROUP-2] key=389 | partition=1 | offset=142 | age=36 | gender=Female
[GROUP-2] key=396 | partition=1 | offset=143 | age=29 | gender=Female
[GROUP-2] key=399 | partition=1 | offset=144 | age=51 | gender=Female
[GROUP-2] key=403 | partition=1 | offset=145 | age=18 | gender=Female
[GROUP-2] key=408 | partition=1 | offset=146 | age=46 | gender=Male
[GROUP-2] key=410 | partition=1 | offset=147 | age=29 | gender=Male
[GROUP-2] key=416 | partition=1 | offset=148 | age=31 | gender=Female
[GROUP-2] key=418 | partition=1 | offset=149 | age=22 | gender=Male
[GROUP-2] key=420 | partition=1 | offset=150 | age=22 | gender=Female
[GROUP-2] key=425 | partition=1 | offset=151 | age=38 | gender=Female
[GROUP-2] key=426 | partition=1 | offset=152 | age=56 | gender=Other
[GROUP-2] key=427 | partition=1 | offset=153 | age=53 | gender=Male
[GROUP-2] key=428 | partition=1 | offset=154 | age=50 | gender=Female
[GROUP-2] key=429 | partition=1 | offset=155 | age=47 | gender=Male
[GROUP-2] key=432 | partition=1 | offset=156 | age=27 | gender=Female
[GROUP-2] key=436 | partition=1 | offset=157 | age=48 | gender=Male
[GROUP-2] key=446 | partition=1 | offset=158 | age=19 | gender=Other
[GROUP-2] key=447 | partition=1 | offset=159 | age=45 | gender=Male
[GROUP-2] key=451 | partition=1 | offset=160 | age=41 | gender=Female
[GROUP-2] key=452 | partition=1 | offset=161 | age=29 | gender=Female
[GROUP-2] key=455 | partition=1 | offset=162 | age=50 | gender=Female
[GROUP-2] key=457 | partition=1 | offset=163 | age=29 | gender=Male
[GROUP-2] key=459 | partition=1 | offset=164 | age=18 | gender=Male
[GROUP-2] key=463 | partition=1 | offset=165 | age=46 | gender=Female
[GROUP-2] key=468 | partition=1 | offset=166 | age=52 | gender=Male
[GROUP-2] key=469 | partition=1 | offset=167 | age=40 | gender=Male
[GROUP-2] key=475 | partition=1 | offset=168 | age=27 | gender=Female
[GROUP-2] key=477 | partition=1 | offset=169 | age=51 | gender=Male
[GROUP-2] key=481 | partition=1 | offset=170 | age=28 | gender=Male
[GROUP-2] key=482 | partition=1 | offset=171 | age=46 | gender=Female
[GROUP-2] key=484 | partition=1 | offset=172 | age=42 | gender=Male
[GROUP-2] key=486 | partition=1 | offset=173 | age=53 | gender=Female
[GROUP-2] key=487 | partition=1 | offset=174 | age=27 | gender=Female
[GROUP-2] key=491 | partition=1 | offset=175 | age=52 | gender=Male
[GROUP-2] key=492 | partition=1 | offset=176 | age=52 | gender=Female
[GROUP-2] key=494 | partition=1 | offset=177 | age=35 | gender=Female
[GROUP-2] key=502 | partition=1 | offset=178 | age=30 | gender=Female
[GROUP-2] key=505 | partition=1 | offset=179 | age=52 | gender=Male
[GROUP-2] key=511 | partition=1 | offset=180 | age=39 | gender=Female
[GROUP-2] key=512 | partition=1 | offset=181 | age=30 | gender=Female
[GROUP-2] key=519 | partition=1 | offset=182 | age=26 | gender=Female
[GROUP-2] key=522 | partition=1 | offset=183 | age=31 | gender=Female
[GROUP-2] key=526 | partition=1 | offset=184 | age=22 | gender=Female
[GROUP-2] key=530 | partition=1 | offset=185 | age=38 | gender=Female
[GROUP-2] key=536 | partition=1 | offset=186 | age=56 | gender=Male
[GROUP-2] key=539 | partition=1 | offset=187 | age=22 | gender=Female
[GROUP-2] key=540 | partition=1 | offset=188 | age=52 | gender=Male
[GROUP-2] key=541 | partition=1 | offset=189 | age=40 | gender=Male
[GROUP-2] key=544 | partition=1 | offset=190 | age=35 | gender=Female
[GROUP-2] key=548 | partition=1 | offset=191 | age=34 | gender=Female
[GROUP-2] key=551 | partition=1 | offset=192 | age=30 | gender=Female
[GROUP-2] key=552 | partition=1 | offset=193 | age=57 | gender=Other
[GROUP-2] key=555 | partition=1 | offset=194 | age=44 | gender=Female
[GROUP-2] key=559 | partition=1 | offset=195 | age=54 | gender=Male
[GROUP-2] key=560 | partition=1 | offset=196 | age=55 | gender=Male
[GROUP-2] key=563 | partition=1 | offset=197 | age=18 | gender=Female
[GROUP-2] key=564 | partition=1 | offset=198 | age=39 | gender=Male
[GROUP-2] key=568 | partition=1 | offset=199 | age=21 | gender=Other
[GROUP-2] key=572 | partition=1 | offset=200 | age=36 | gender=Female
[GROUP-2] key=574 | partition=1 | offset=201 | age=44 | gender=Male
[GROUP-2] key=578 | partition=1 | offset=202 | age=56 | gender=Female
[GROUP-2] key=579 | partition=1 | offset=203 | age=20 | gender=Male
[GROUP-2] key=582 | partition=1 | offset=204 | age=37 | gender=Male
[GROUP-2] key=584 | partition=1 | offset=205 | age=25 | gender=Male
[GROUP-2] key=586 | partition=1 | offset=206 | age=56 | gender=Female
[GROUP-2] key=587 | partition=1 | offset=207 | age=18 | gender=Male
[GROUP-2] key=589 | partition=1 | offset=208 | age=30 | gender=Female
[GROUP-2] key=592 | partition=1 | offset=209 | age=50 | gender=Female
[GROUP-2] key=594 | partition=1 | offset=210 | age=23 | gender=Male
[GROUP-2] key=597 | partition=1 | offset=211 | age=33 | gender=Female
[GROUP-2] key=598 | partition=1 | offset=212 | age=38 | gender=Male
[GROUP-2] key=599 | partition=1 | offset=213 | age=28 | gender=Male
[GROUP-2] key=601 | partition=1 | offset=214 | age=53 | gender=Male
[GROUP-2] key=607 | partition=1 | offset=215 | age=31 | gender=Male
[GROUP-2] key=613 | partition=1 | offset=216 | age=40 | gender=Female
[GROUP-2] key=618 | partition=1 | offset=217 | age=33 | gender=Male
[GROUP-2] key=619 | partition=1 | offset=218 | age=25 | gender=Male
[GROUP-2] key=620 | partition=1 | offset=219 | age=55 | gender=Female
[GROUP-2] key=623 | partition=1 | offset=220 | age=45 | gender=Female
[GROUP-2] key=624 | partition=1 | offset=221 | age=25 | gender=Male
[GROUP-2] key=627 | partition=1 | offset=222 | age=43 | gender=Male
[GROUP-2] key=628 | partition=1 | offset=223 | age=25 | gender=Male
[GROUP-2] key=631 | partition=1 | offset=224 | age=54 | gender=Female
[GROUP-2] key=634 | partition=1 | offset=225 | age=44 | gender=Male
[GROUP-2] key=637 | partition=1 | offset=226 | age=50 | gender=Male
[GROUP-2] key=640 | partition=1 | offset=227 | age=45 | gender=Female
[GROUP-2] key=641 | partition=1 | offset=228 | age=46 | gender=Male
[GROUP-2] key=642 | partition=1 | offset=229 | age=30 | gender=Female
[GROUP-2] key=646 | partition=1 | offset=230 | age=22 | gender=Female
[GROUP-2] key=647 | partition=1 | offset=231 | age=42 | gender=Male
[GROUP-2] key=648 | partition=1 | offset=232 | age=19 | gender=Male
[GROUP-2] key=652 | partition=1 | offset=233 | age=50 | gender=Female
[GROUP-2] key=654 | partition=1 | offset=234 | age=35 | gender=Female
[GROUP-2] key=666 | partition=1 | offset=235 | age=52 | gender=Female
[GROUP-2] key=671 | partition=1 | offset=236 | age=34 | gender=Female
[GROUP-2] key=673 | partition=1 | offset=237 | age=48 | gender=Female
[GROUP-2] key=682 | partition=1 | offset=238 | age=36 | gender=Male
[GROUP-2] key=689 | partition=1 | offset=239 | age=21 | gender=Female
[GROUP-2] key=694 | partition=1 | offset=240 | age=45 | gender=Female
[GROUP-2] key=695 | partition=1 | offset=241 | age=48 | gender=Male
[GROUP-2] key=699 | partition=1 | offset=242 | age=51 | gender=Female
[GROUP-2] key=700 | partition=1 | offset=243 | age=20 | gender=Female
[GROUP-2] key=703 | partition=1 | offset=244 | age=22 | gender=Female
[GROUP-2] key=709 | partition=1 | offset=245 | age=54 | gender=Female
[GROUP-2] key=718 | partition=1 | offset=246 | age=51 | gender=Male
[GROUP-2] key=725 | partition=1 | offset=247 | age=50 | gender=Female
[GROUP-2] key=726 | partition=1 | offset=248 | age=41 | gender=Female
[GROUP-2] key=729 | partition=1 | offset=249 | age=59 | gender=Male
[GROUP-2] key=734 | partition=1 | offset=250 | age=27 | gender=Female
[GROUP-2] key=735 | partition=1 | offset=251 | age=34 | gender=Female
[GROUP-2] key=738 | partition=1 | offset=252 | age=37 | gender=Female
[GROUP-2] key=741 | partition=1 | offset=253 | age=51 | gender=Male
[GROUP-2] key=744 | partition=1 | offset=254 | age=30 | gender=Female
[GROUP-2] key=748 | partition=1 | offset=255 | age=48 | gender=Male
[GROUP-2] key=753 | partition=1 | offset=256 | age=57 | gender=Male
[GROUP-2] key=754 | partition=1 | offset=257 | age=21 | gender=Other
[GROUP-2] key=755 | partition=1 | offset=258 | age=42 | gender=Male
[GROUP-2] key=759 | partition=1 | offset=259 | age=44 | gender=Male
[GROUP-2] key=760 | partition=1 | offset=260 | age=46 | gender=Other
[GROUP-2] key=764 | partition=1 | offset=261 | age=22 | gender=Male
[GROUP-2] key=766 | partition=1 | offset=262 | age=45 | gender=Male
[GROUP-2] key=773 | partition=1 | offset=263 | age=58 | gender=Male
[GROUP-2] key=778 | partition=1 | offset=264 | age=43 | gender=Female
[GROUP-2] key=779 | partition=1 | offset=265 | age=44 | gender=Female
[GROUP-2] key=780 | partition=1 | offset=266 | age=26 | gender=Female
[GROUP-2] key=784 | partition=1 | offset=267 | age=34 | gender=Male
[GROUP-2] key=787 | partition=1 | offset=268 | age=18 | gender=Female
[GROUP-2] key=789 | partition=1 | offset=269 | age=52 | gender=Male
[GROUP-2] key=792 | partition=1 | offset=270 | age=31 | gender=Male
[GROUP-2] key=793 | partition=1 | offset=271 | age=43 | gender=Female
[GROUP-2] key=796 | partition=1 | offset=272 | age=31 | gender=Other
[GROUP-2] key=797 | partition=1 | offset=273 | age=41 | gender=Other
[GROUP-2] key=798 | partition=1 | offset=274 | age=19 | gender=Male
[GROUP-2] key=7 | partition=0 | offset=0 | age=40 | gender=Male
[GROUP-2] key=9 | partition=0 | offset=1 | age=28 | gender=Male
[GROUP-2] key=10 | partition=0 | offset=2 | age=41 | gender=Male
[GROUP-2] key=11 | partition=0 | offset=3 | age=53 | gender=Male
[GROUP-2] key=12 | partition=0 | offset=4 | age=57 | gender=Male
[GROUP-2] key=14 | partition=0 | offset=5 | age=20 | gender=Male
[GROUP-2] key=16 | partition=0 | offset=6 | age=19 | gender=Male
[GROUP-2] key=18 | partition=0 | offset=7 | age=47 | gender=Female
[GROUP-2] key=20 | partition=0 | offset=8 | age=19 | gender=Female
[GROUP-2] key=25 | partition=0 | offset=9 | age=42 | gender=Female
[GROUP-2] key=27 | partition=0 | offset=10 | age=59 | gender=Male
[GROUP-2] key=28 | partition=0 | offset=11 | age=45 | gender=Male
[GROUP-2] key=38 | partition=0 | offset=12 | age=21 | gender=Male
[GROUP-2] key=46 | partition=0 | offset=13 | age=24 | gender=Male
[GROUP-2] key=47 | partition=0 | offset=14 | age=25 | gender=Other
[GROUP-2] key=48 | partition=0 | offset=15 | age=52 | gender=Male
[GROUP-2] key=49 | partition=0 | offset=16 | age=31 | gender=Male
[GROUP-2] key=50 | partition=0 | offset=17 | age=34 | gender=Other
[GROUP-2] key=51 | partition=0 | offset=18 | age=53 | gender=Female
[GROUP-2] key=53 | partition=0 | offset=19 | age=21 | gender=Male
[GROUP-2] key=57 | partition=0 | offset=20 | age=21 | gender=Female
[GROUP-2] key=58 | partition=0 | offset=21 | age=46 | gender=Female
[GROUP-2] key=60 | partition=0 | offset=22 | age=43 | gender=Female
[GROUP-2] key=63 | partition=0 | offset=23 | age=53 | gender=Male
[GROUP-2] key=64 | partition=0 | offset=24 | age=31 | gender=Female
[GROUP-2] key=65 | partition=0 | offset=25 | age=48 | gender=Male
[GROUP-2] key=72 | partition=0 | offset=26 | age=33 | gender=Female
[GROUP-2] key=75 | partition=0 | offset=27 | age=43 | gender=Male
[GROUP-2] key=77 | partition=0 | offset=28 | age=58 | gender=Other
[GROUP-2] key=78 | partition=0 | offset=29 | age=46 | gender=Male
[GROUP-2] key=80 | partition=0 | offset=30 | age=18 | gender=Male
[GROUP-2] key=82 | partition=0 | offset=31 | age=24 | gender=Female
[GROUP-2] key=85 | partition=0 | offset=32 | age=18 | gender=Male
[GROUP-2] key=86 | partition=0 | offset=33 | age=25 | gender=Male
[GROUP-2] key=89 | partition=0 | offset=34 | age=34 | gender=Other
[GROUP-2] key=90 | partition=0 | offset=35 | age=25 | gender=Male
[GROUP-2] key=91 | partition=0 | offset=36 | age=52 | gender=Female
[GROUP-2] key=94 | partition=0 | offset=37 | age=22 | gender=Male
[GROUP-2] key=95 | partition=0 | offset=38 | age=59 | gender=Female
[GROUP-2] key=97 | partition=0 | offset=39 | age=58 | gender=Female
[GROUP-2] key=98 | partition=0 | offset=40 | age=45 | gender=Male
[GROUP-2] key=99 | partition=0 | offset=41 | age=24 | gender=Female
[GROUP-2] key=100 | partition=0 | offset=42 | age=26 | gender=Male
[GROUP-2] key=102 | partition=0 | offset=43 | age=29 | gender=Male
[GROUP-2] key=103 | partition=0 | offset=44 | age=51 | gender=Female
[GROUP-2] key=104 | partition=0 | offset=45 | age=50 | gender=Female
[GROUP-2] key=106 | partition=0 | offset=46 | age=41 | gender=Male
[GROUP-2] key=114 | partition=0 | offset=47 | age=52 | gender=Female
[GROUP-2] key=118 | partition=0 | offset=48 | age=18 | gender=Male
[GROUP-2] key=129 | partition=0 | offset=49 | age=30 | gender=Female
[GROUP-2] key=131 | partition=0 | offset=50 | age=56 | gender=Female
[GROUP-2] key=132 | partition=0 | offset=51 | age=49 | gender=Male
[GROUP-2] key=144 | partition=0 | offset=52 | age=39 | gender=Male
[GROUP-2] key=146 | partition=0 | offset=53 | age=19 | gender=Female
[GROUP-2] key=153 | partition=0 | offset=54 | age=28 | gender=Female
[GROUP-2] key=155 | partition=0 | offset=55 | age=42 | gender=Male
[GROUP-2] key=165 | partition=0 | offset=56 | age=25 | gender=Female
[GROUP-2] key=166 | partition=0 | offset=57 | age=44 | gender=Male
[GROUP-2] key=170 | partition=0 | offset=58 | age=59 | gender=Female
[GROUP-2] key=172 | partition=0 | offset=59 | age=32 | gender=Female
[GROUP-2] key=174 | partition=0 | offset=60 | age=49 | gender=Female
[GROUP-2] key=177 | partition=0 | offset=61 | age=29 | gender=Female
[GROUP-2] key=178 | partition=0 | offset=62 | age=56 | gender=Female
[GROUP-2] key=181 | partition=0 | offset=63 | age=54 | gender=Male
[GROUP-2] key=182 | partition=0 | offset=64 | age=34 | gender=Other
[GROUP-2] key=186 | partition=0 | offset=65 | age=40 | gender=Female
[GROUP-2] key=188 | partition=0 | offset=66 | age=49 | gender=Female
[GROUP-2] key=198 | partition=0 | offset=67 | age=28 | gender=Male
[GROUP-2] key=201 | partition=0 | offset=68 | age=41 | gender=Male
[GROUP-2] key=204 | partition=0 | offset=69 | age=23 | gender=Male
[GROUP-2] key=205 | partition=0 | offset=70 | age=39 | gender=Male
[GROUP-2] key=214 | partition=0 | offset=71 | age=37 | gender=Male
[GROUP-2] key=216 | partition=0 | offset=72 | age=36 | gender=Male
[GROUP-2] key=217 | partition=0 | offset=73 | age=43 | gender=Male
[GROUP-2] key=222 | partition=0 | offset=74 | age=24 | gender=Male
[GROUP-2] key=227 | partition=0 | offset=75 | age=35 | gender=Male
[GROUP-2] key=230 | partition=0 | offset=76 | age=28 | gender=Female
[GROUP-2] key=232 | partition=0 | offset=77 | age=42 | gender=Female
[GROUP-2] key=233 | partition=0 | offset=78 | age=40 | gender=Male
[GROUP-2] key=236 | partition=0 | offset=79 | age=59 | gender=Male
[GROUP-2] key=237 | partition=0 | offset=80 | age=52 | gender=Female
[GROUP-2] key=242 | partition=0 | offset=81 | age=18 | gender=Male
[GROUP-2] key=245 | partition=0 | offset=82 | age=54 | gender=Male
[GROUP-2] key=247 | partition=0 | offset=83 | age=26 | gender=Male
[GROUP-2] key=251 | partition=0 | offset=84 | age=33 | gender=Male
[GROUP-2] key=252 | partition=0 | offset=85 | age=20 | gender=Male
[GROUP-2] key=255 | partition=0 | offset=86 | age=50 | gender=Male
[GROUP-2] key=257 | partition=0 | offset=87 | age=28 | gender=Male
[GROUP-2] key=259 | partition=0 | offset=88 | age=53 | gender=Male
[GROUP-2] key=264 | partition=0 | offset=89 | age=42 | gender=Female
[GROUP-2] key=266 | partition=0 | offset=90 | age=42 | gender=Female
[GROUP-2] key=267 | partition=0 | offset=91 | age=46 | gender=Male
[GROUP-2] key=273 | partition=0 | offset=92 | age=58 | gender=Male
[GROUP-2] key=275 | partition=0 | offset=93 | age=50 | gender=Female
[GROUP-2] key=282 | partition=0 | offset=94 | age=24 | gender=Female
[GROUP-2] key=284 | partition=0 | offset=95 | age=34 | gender=Female
[GROUP-2] key=286 | partition=0 | offset=96 | age=29 | gender=Female
[GROUP-2] key=289 | partition=0 | offset=97 | age=47 | gender=Female
[GROUP-2] key=291 | partition=0 | offset=98 | age=55 | gender=Male
[GROUP-2] key=292 | partition=0 | offset=99 | age=25 | gender=Female
[GROUP-2] key=293 | partition=0 | offset=100 | age=44 | gender=Female
[GROUP-2] key=294 | partition=0 | offset=101 | age=44 | gender=Female
[GROUP-2] key=306 | partition=0 | offset=102 | age=45 | gender=Male
[GROUP-2] key=309 | partition=0 | offset=103 | age=23 | gender=Female
[GROUP-2] key=314 | partition=0 | offset=104 | age=46 | gender=Female
[GROUP-2] key=315 | partition=0 | offset=105 | age=48 | gender=Female
[GROUP-2] key=316 | partition=0 | offset=106 | age=52 | gender=Male
[GROUP-2] key=317 | partition=0 | offset=107 | age=50 | gender=Male
[GROUP-2] key=318 | partition=0 | offset=108 | age=38 | gender=Male
[GROUP-2] key=323 | partition=0 | offset=109 | age=35 | gender=Female
[GROUP-2] key=330 | partition=0 | offset=110 | age=49 | gender=Male
[GROUP-2] key=332 | partition=0 | offset=111 | age=40 | gender=Male
[GROUP-2] key=338 | partition=0 | offset=112 | age=34 | gender=Female
[GROUP-2] key=340 | partition=0 | offset=113 | age=50 | gender=Female
[GROUP-2] key=342 | partition=0 | offset=114 | age=56 | gender=Female
[GROUP-2] key=346 | partition=0 | offset=115 | age=52 | gender=Male
[GROUP-2] key=351 | partition=0 | offset=116 | age=53 | gender=Female
[GROUP-2] key=358 | partition=0 | offset=117 | age=40 | gender=Female
[GROUP-2] key=360 | partition=0 | offset=118 | age=45 | gender=Male
[GROUP-2] key=361 | partition=0 | offset=119 | age=51 | gender=Female
[GROUP-2] key=364 | partition=0 | offset=120 | age=40 | gender=Male
[GROUP-2] key=367 | partition=0 | offset=121 | age=39 | gender=Male
[GROUP-2] key=368 | partition=0 | offset=122 | age=39 | gender=Female
[GROUP-2] key=369 | partition=0 | offset=123 | age=59 | gender=Male
[GROUP-2] key=372 | partition=0 | offset=124 | age=54 | gender=Male
[GROUP-2] key=375 | partition=0 | offset=125 | age=22 | gender=Female
[GROUP-2] key=383 | partition=0 | offset=126 | age=33 | gender=Other
[GROUP-2] key=388 | partition=0 | offset=127 | age=34 | gender=Male
[GROUP-2] key=390 | partition=0 | offset=128 | age=45 | gender=Female
[GROUP-2] key=391 | partition=0 | offset=129 | age=43 | gender=Male
[GROUP-2] key=394 | partition=0 | offset=130 | age=40 | gender=Female
[GROUP-2] key=395 | partition=0 | offset=131 | age=26 | gender=Other
[GROUP-2] key=398 | partition=0 | offset=132 | age=18 | gender=Female
[GROUP-2] key=400 | partition=0 | offset=133 | age=49 | gender=Male
[GROUP-2] key=401 | partition=0 | offset=134 | age=42 | gender=Female
[GROUP-2] key=402 | partition=0 | offset=135 | age=57 | gender=Male
[GROUP-2] key=405 | partition=0 | offset=136 | age=56 | gender=Male
[GROUP-2] key=406 | partition=0 | offset=137 | age=22 | gender=Male
[GROUP-2] key=412 | partition=0 | offset=138 | age=33 | gender=Female
[GROUP-2] key=413 | partition=0 | offset=139 | age=54 | gender=Female
[GROUP-2] key=414 | partition=0 | offset=140 | age=39 | gender=Male
[GROUP-2] key=419 | partition=0 | offset=141 | age=47 | gender=Male
[GROUP-2] key=421 | partition=0 | offset=142 | age=29 | gender=Male
[GROUP-2] key=424 | partition=0 | offset=143 | age=43 | gender=Female
[GROUP-2] key=430 | partition=0 | offset=144 | age=54 | gender=Male
[GROUP-2] key=433 | partition=0 | offset=145 | age=22 | gender=Other
[GROUP-2] key=435 | partition=0 | offset=146 | age=51 | gender=Male
[GROUP-2] key=437 | partition=0 | offset=147 | age=27 | gender=Female
[GROUP-2] key=438 | partition=0 | offset=148 | age=36 | gender=Male
[GROUP-2] key=441 | partition=0 | offset=149 | age=22 | gender=Male
[GROUP-2] key=442 | partition=0 | offset=150 | age=21 | gender=Male
[GROUP-2] key=443 | partition=0 | offset=151 | age=33 | gender=Male
[GROUP-2] key=449 | partition=0 | offset=152 | age=44 | gender=Female
[GROUP-2] key=453 | partition=0 | offset=153 | age=52 | gender=Male
[GROUP-2] key=454 | partition=0 | offset=154 | age=50 | gender=Male
[GROUP-2] key=464 | partition=0 | offset=155 | age=30 | gender=Female
[GROUP-2] key=466 | partition=0 | offset=156 | age=48 | gender=Male
[GROUP-2] key=470 | partition=0 | offset=157 | age=34 | gender=Female
[GROUP-2] key=471 | partition=0 | offset=158 | age=43 | gender=Male
[GROUP-2] key=473 | partition=0 | offset=159 | age=46 | gender=Other
[GROUP-2] key=476 | partition=0 | offset=160 | age=43 | gender=Other
[GROUP-2] key=478 | partition=0 | offset=161 | age=58 | gender=Male
[GROUP-2] key=489 | partition=0 | offset=162 | age=26 | gender=Female
[GROUP-2] key=490 | partition=0 | offset=163 | age=41 | gender=Male
[GROUP-2] key=497 | partition=0 | offset=164 | age=41 | gender=Female
[GROUP-2] key=499 | partition=0 | offset=165 | age=49 | gender=Male
[GROUP-2] key=501 | partition=0 | offset=166 | age=29 | gender=Male
[GROUP-2] key=506 | partition=0 | offset=167 | age=58 | gender=Female
[GROUP-2] key=509 | partition=0 | offset=168 | age=37 | gender=Female
[GROUP-2] key=514 | partition=0 | offset=169 | age=53 | gender=Female
[GROUP-2] key=517 | partition=0 | offset=170 | age=36 | gender=Female
[GROUP-2] key=518 | partition=0 | offset=171 | age=29 | gender=Female
[GROUP-2] key=524 | partition=0 | offset=172 | age=36 | gender=Female
[GROUP-2] key=529 | partition=0 | offset=173 | age=42 | gender=Female
[GROUP-2] key=534 | partition=0 | offset=174 | age=56 | gender=Male
[GROUP-2] key=537 | partition=0 | offset=175 | age=31 | gender=Female
[GROUP-2] key=542 | partition=0 | offset=176 | age=46 | gender=Female
[GROUP-2] key=545 | partition=0 | offset=177 | age=29 | gender=Male
[GROUP-2] key=546 | partition=0 | offset=178 | age=26 | gender=Female
[GROUP-2] key=549 | partition=0 | offset=179 | age=55 | gender=Male
[GROUP-2] key=550 | partition=0 | offset=180 | age=24 | gender=Female
[GROUP-2] key=553 | partition=0 | offset=181 | age=59 | gender=Male
[GROUP-2] key=557 | partition=0 | offset=182 | age=22 | gender=Female
[GROUP-2] key=561 | partition=0 | offset=183 | age=36 | gender=Female
[GROUP-2] key=566 | partition=0 | offset=184 | age=24 | gender=Male
[GROUP-2] key=569 | partition=0 | offset=185 | age=53 | gender=Other
[GROUP-2] key=576 | partition=0 | offset=186 | age=43 | gender=Female
[GROUP-2] key=577 | partition=0 | offset=187 | age=36 | gender=Female
[GROUP-2] key=580 | partition=0 | offset=188 | age=30 | gender=Male
[GROUP-2] key=581 | partition=0 | offset=189 | age=45 | gender=Other
[GROUP-2] key=585 | partition=0 | offset=190 | age=58 | gender=Female
[GROUP-2] key=588 | partition=0 | offset=191 | age=20 | gender=Male
[GROUP-2] key=590 | partition=0 | offset=192 | age=45 | gender=Female
[GROUP-2] key=593 | partition=0 | offset=193 | age=55 | gender=Male
[GROUP-2] key=596 | partition=0 | offset=194 | age=38 | gender=Male
[GROUP-2] key=602 | partition=0 | offset=195 | age=52 | gender=Female
[GROUP-2] key=604 | partition=0 | offset=196 | age=37 | gender=Male
[GROUP-2] key=605 | partition=0 | offset=197 | age=35 | gender=Male
[GROUP-2] key=606 | partition=0 | offset=198 | age=58 | gender=Female
[GROUP-2] key=609 | partition=0 | offset=199 | age=48 | gender=Male
[GROUP-2] key=611 | partition=0 | offset=200 | age=20 | gender=Male
[GROUP-2] key=615 | partition=0 | offset=201 | age=29 | gender=Female
[GROUP-2] key=632 | partition=0 | offset=202 | age=58 | gender=Male
[GROUP-2] key=636 | partition=0 | offset=203 | age=26 | gender=Male
[GROUP-2] key=639 | partition=0 | offset=204 | age=30 | gender=Male
[GROUP-2] key=645 | partition=0 | offset=205 | age=35 | gender=Male
[GROUP-2] key=650 | partition=0 | offset=206 | age=47 | gender=Male
[GROUP-2] key=655 | partition=0 | offset=207 | age=49 | gender=Male
[GROUP-2] key=656 | partition=0 | offset=208 | age=28 | gender=Male
[GROUP-2] key=658 | partition=0 | offset=209 | age=43 | gender=Male
[GROUP-2] key=659 | partition=0 | offset=210 | age=42 | gender=Male
[GROUP-2] key=661 | partition=0 | offset=211 | age=44 | gender=Male
[GROUP-2] key=662 | partition=0 | offset=212 | age=30 | gender=Male
[GROUP-2] key=664 | partition=0 | offset=213 | age=51 | gender=Female
[GROUP-2] key=674 | partition=0 | offset=214 | age=22 | gender=Male
[GROUP-2] key=678 | partition=0 | offset=215 | age=54 | gender=Female
[GROUP-2] key=679 | partition=0 | offset=216 | age=54 | gender=Female
[GROUP-2] key=681 | partition=0 | offset=217 | age=27 | gender=Female
[GROUP-2] key=683 | partition=0 | offset=218 | age=34 | gender=Female
[GROUP-2] key=684 | partition=0 | offset=219 | age=38 | gender=Female
[GROUP-2] key=685 | partition=0 | offset=220 | age=31 | gender=Female
[GROUP-2] key=686 | partition=0 | offset=221 | age=26 | gender=Male
[GROUP-2] key=688 | partition=0 | offset=222 | age=30 | gender=Female
[GROUP-2] key=691 | partition=0 | offset=223 | age=57 | gender=Male
[GROUP-2] key=692 | partition=0 | offset=224 | age=49 | gender=Male
[GROUP-2] key=693 | partition=0 | offset=225 | age=51 | gender=Male
[GROUP-2] key=701 | partition=0 | offset=226 | age=29 | gender=Female
[GROUP-2] key=704 | partition=0 | offset=227 | age=47 | gender=Male
[GROUP-2] key=712 | partition=0 | offset=228 | age=19 | gender=Male
[GROUP-2] key=714 | partition=0 | offset=229 | age=56 | gender=Female
[GROUP-2] key=715 | partition=0 | offset=230 | age=55 | gender=Female
[GROUP-2] key=716 | partition=0 | offset=231 | age=51 | gender=Female
[GROUP-2] key=717 | partition=0 | offset=232 | age=55 | gender=Male
[GROUP-2] key=719 | partition=0 | offset=233 | age=35 | gender=Male
[GROUP-2] key=722 | partition=0 | offset=234 | age=44 | gender=Female
[GROUP-2] key=728 | partition=0 | offset=235 | age=47 | gender=Female
[GROUP-2] key=731 | partition=0 | offset=236 | age=22 | gender=Female
[GROUP-2] key=733 | partition=0 | offset=237 | age=21 | gender=Male
[GROUP-2] key=736 | partition=0 | offset=238 | age=27 | gender=Female
[GROUP-2] key=737 | partition=0 | offset=239 | age=34 | gender=Male
[GROUP-2] key=739 | partition=0 | offset=240 | age=41 | gender=Female
[GROUP-2] key=742 | partition=0 | offset=241 | age=23 | gender=Other
[GROUP-2] key=745 | partition=0 | offset=242 | age=28 | gender=Female
[GROUP-2] key=756 | partition=0 | offset=243 | age=20 | gender=Female
[GROUP-2] key=757 | partition=0 | offset=244 | age=49 | gender=Male
[GROUP-2] key=758 | partition=0 | offset=245 | age=20 | gender=Female
[GROUP-2] key=761 | partition=0 | offset=246 | age=49 | gender=Male
[GROUP-2] key=765 | partition=0 | offset=247 | age=35 | gender=Female
[GROUP-2] key=768 | partition=0 | offset=248 | age=39 | gender=Male
[GROUP-2] key=770 | partition=0 | offset=249 | age=23 | gender=Female
[GROUP-2] key=771 | partition=0 | offset=250 | age=18 | gender=Female
[GROUP-2] key=774 | partition=0 | offset=251 | age=29 | gender=Male
[GROUP-2] key=775 | partition=0 | offset=252 | age=43 | gender=Female
[GROUP-2] key=776 | partition=0 | offset=253 | age=51 | gender=Female
[GROUP-2] key=777 | partition=0 | offset=254 | age=31 | gender=Male
[GROUP-2] key=782 | partition=0 | offset=255 | age=39 | gender=Male
[GROUP-2] key=785 | partition=0 | offset=256 | age=43 | gender=Male
[GROUP-2] key=786 | partition=0 | offset=257 | age=53 | gender=Female
[GROUP-2] key=794 | partition=0 | offset=258 | age=45 | gender=Male
[GROUP-2] key=0 | partition=2 | offset=0 | age=56 | gender=Male
[GROUP-2] key=1 | partition=2 | offset=1 | age=46 | gender=Male
[GROUP-2] key=8 | partition=2 | offset=2 | age=28 | gender=Female
[GROUP-2] key=13 | partition=2 | offset=3 | age=41 | gender=Male
[GROUP-2] key=17 | partition=2 | offset=4 | age=41 | gender=Female
[GROUP-2] key=22 | partition=2 | offset=5 | age=50 | gender=Male
[GROUP-2] key=24 | partition=2 | offset=6 | age=39 | gender=Female
[GROUP-2] key=29 | partition=2 | offset=7 | age=33 | gender=Male
[GROUP-2] key=33 | partition=2 | offset=8 | age=24 | gender=Other
[GROUP-2] key=34 | partition=2 | offset=9 | age=38 | gender=Female
[GROUP-2] key=40 | partition=2 | offset=10 | age=31 | gender=Male
[GROUP-2] key=41 | partition=2 | offset=11 | age=26 | gender=Male
[GROUP-2] key=42 | partition=2 | offset=12 | age=43 | gender=Male
[GROUP-2] key=44 | partition=2 | offset=13 | age=37 | gender=Male
[GROUP-2] key=55 | partition=2 | offset=14 | age=23 | gender=Female
[GROUP-2] key=59 | partition=2 | offset=15 | age=35 | gender=Male
[GROUP-2] key=74 | partition=2 | offset=16 | age=41 | gender=Male
[GROUP-2] key=76 | partition=2 | offset=17 | age=42 | gender=Male
[GROUP-2] key=79 | partition=2 | offset=18 | age=32 | gender=Female
[GROUP-2] key=81 | partition=2 | offset=19 | age=42 | gender=Female
[GROUP-2] key=83 | partition=2 | offset=20 | age=26 | gender=Female
[GROUP-2] key=101 | partition=2 | offset=21 | age=25 | gender=Male
[GROUP-2] key=105 | partition=2 | offset=22 | age=40 | gender=Female
[GROUP-2] key=110 | partition=2 | offset=23 | age=39 | gender=Male
[GROUP-2] key=111 | partition=2 | offset=24 | age=44 | gender=Male
[GROUP-2] key=113 | partition=2 | offset=25 | age=18 | gender=Male
[GROUP-2] key=120 | partition=2 | offset=26 | age=43 | gender=Female
[GROUP-2] key=121 | partition=2 | offset=27 | age=31 | gender=Female
[GROUP-2] key=122 | partition=2 | offset=28 | age=56 | gender=Male
[GROUP-2] key=124 | partition=2 | offset=29 | age=26 | gender=Female
[GROUP-2] key=125 | partition=2 | offset=30 | age=32 | gender=Male
[GROUP-2] key=128 | partition=2 | offset=31 | age=59 | gender=Female
[GROUP-2] key=134 | partition=2 | offset=32 | age=47 | gender=Male
[GROUP-2] key=135 | partition=2 | offset=33 | age=54 | gender=Female
[GROUP-2] key=136 | partition=2 | offset=34 | age=40 | gender=Male
[GROUP-2] key=137 | partition=2 | offset=35 | age=56 | gender=Female
[GROUP-2] key=139 | partition=2 | offset=36 | age=46 | gender=Female
[GROUP-2] key=140 | partition=2 | offset=37 | age=53 | gender=Male
[GROUP-2] key=145 | partition=2 | offset=38 | age=45 | gender=Male
[GROUP-2] key=149 | partition=2 | offset=39 | age=45 | gender=Female
[GROUP-2] key=152 | partition=2 | offset=40 | age=47 | gender=Female
[GROUP-2] key=154 | partition=2 | offset=41 | age=45 | gender=Male
[GROUP-2] key=156 | partition=2 | offset=42 | age=56 | gender=Male
[GROUP-2] key=157 | partition=2 | offset=43 | age=50 | gender=Female
[GROUP-2] key=158 | partition=2 | offset=44 | age=18 | gender=Female
[GROUP-2] key=162 | partition=2 | offset=45 | age=20 | gender=Male
[GROUP-2] key=168 | partition=2 | offset=46 | age=54 | gender=Female
[GROUP-2] key=171 | partition=2 | offset=47 | age=41 | gender=Female
[GROUP-2] key=175 | partition=2 | offset=48 | age=41 | gender=Female
[GROUP-2] key=176 | partition=2 | offset=49 | age=58 | gender=Male
[GROUP-2] key=179 | partition=2 | offset=50 | age=19 | gender=Female
[GROUP-2] key=185 | partition=2 | offset=51 | age=45 | gender=Female
[GROUP-2] key=189 | partition=2 | offset=52 | age=50 | gender=Male
[GROUP-2] key=190 | partition=2 | offset=53 | age=18 | gender=Male
[GROUP-2] key=193 | partition=2 | offset=54 | age=43 | gender=Male
[GROUP-2] key=195 | partition=2 | offset=55 | age=23 | gender=Male
[GROUP-2] key=197 | partition=2 | offset=56 | age=21 | gender=Female
[GROUP-2] key=202 | partition=2 | offset=57 | age=22 | gender=Male
[GROUP-2] key=203 | partition=2 | offset=58 | age=51 | gender=Male
[GROUP-2] key=206 | partition=2 | offset=59 | age=28 | gender=Female
[GROUP-2] key=208 | partition=2 | offset=60 | age=50 | gender=Female
[GROUP-2] key=209 | partition=2 | offset=61 | age=26 | gender=Male
[GROUP-2] key=210 | partition=2 | offset=62 | age=23 | gender=Female
[GROUP-2] key=212 | partition=2 | offset=63 | age=46 | gender=Male
[GROUP-2] key=213 | partition=2 | offset=64 | age=20 | gender=Female
[GROUP-2] key=219 | partition=2 | offset=65 | age=36 | gender=Other
[GROUP-2] key=220 | partition=2 | offset=66 | age=37 | gender=Female
[GROUP-2] key=221 | partition=2 | offset=67 | age=49 | gender=Female
[GROUP-2] key=223 | partition=2 | offset=68 | age=58 | gender=Female
[GROUP-2] key=225 | partition=2 | offset=69 | age=57 | gender=Female
[GROUP-2] key=226 | partition=2 | offset=70 | age=56 | gender=Male
[GROUP-2] key=239 | partition=2 | offset=71 | age=33 | gender=Male
[GROUP-2] key=241 | partition=2 | offset=72 | age=19 | gender=Female
[GROUP-2] key=244 | partition=2 | offset=73 | age=22 | gender=Female
[GROUP-2] key=246 | partition=2 | offset=74 | age=49 | gender=Male
[GROUP-2] key=250 | partition=2 | offset=75 | age=36 | gender=Male
[GROUP-2] key=258 | partition=2 | offset=76 | age=25 | gender=Female
[GROUP-2] key=261 | partition=2 | offset=77 | age=57 | gender=Male
[GROUP-2] key=263 | partition=2 | offset=78 | age=52 | gender=Female
[GROUP-2] key=265 | partition=2 | offset=79 | age=52 | gender=Male
[GROUP-2] key=268 | partition=2 | offset=80 | age=35 | gender=Male
[GROUP-2] key=270 | partition=2 | offset=81 | age=19 | gender=Male
[GROUP-2] key=274 | partition=2 | offset=82 | age=53 | gender=Male
[GROUP-2] key=276 | partition=2 | offset=83 | age=21 | gender=Male
[GROUP-2] key=280 | partition=2 | offset=84 | age=37 | gender=Male
[GROUP-2] key=285 | partition=2 | offset=85 | age=50 | gender=Male
[GROUP-2] key=287 | partition=2 | offset=86 | age=39 | gender=Male
[GROUP-2] key=290 | partition=2 | offset=87 | age=55 | gender=Female
[GROUP-2] key=297 | partition=2 | offset=88 | age=47 | gender=Male
[GROUP-2] key=299 | partition=2 | offset=89 | age=45 | gender=Female
[GROUP-2] key=300 | partition=2 | offset=90 | age=50 | gender=Female
[GROUP-2] key=303 | partition=2 | offset=91 | age=21 | gender=Female
[GROUP-2] key=305 | partition=2 | offset=92 | age=34 | gender=Female
[GROUP-2] key=311 | partition=2 | offset=93 | age=58 | gender=Female
[GROUP-2] key=312 | partition=2 | offset=94 | age=54 | gender=Male
[GROUP-2] key=313 | partition=2 | offset=95 | age=41 | gender=Female
[GROUP-2] key=321 | partition=2 | offset=96 | age=50 | gender=Female
[GROUP-2] key=322 | partition=2 | offset=97 | age=20 | gender=Female
[GROUP-2] key=324 | partition=2 | offset=98 | age=42 | gender=Male
[GROUP-2] key=325 | partition=2 | offset=99 | age=59 | gender=Female
[GROUP-2] key=327 | partition=2 | offset=100 | age=20 | gender=Male
[GROUP-2] key=337 | partition=2 | offset=101 | age=43 | gender=Male
[GROUP-2] key=341 | partition=2 | offset=102 | age=26 | gender=Male
[GROUP-2] key=347 | partition=2 | offset=103 | age=42 | gender=Male
[GROUP-2] key=348 | partition=2 | offset=104 | age=41 | gender=Female
[GROUP-2] key=349 | partition=2 | offset=105 | age=30 | gender=Male
[GROUP-2] key=350 | partition=2 | offset=106 | age=24 | gender=Female
[GROUP-2] key=354 | partition=2 | offset=107 | age=25 | gender=Male
[GROUP-2] key=357 | partition=2 | offset=108 | age=29 | gender=Female
[GROUP-2] key=359 | partition=2 | offset=109 | age=32 | gender=Male
[GROUP-2] key=362 | partition=2 | offset=110 | age=19 | gender=Female
[GROUP-2] key=365 | partition=2 | offset=111 | age=39 | gender=Female
[GROUP-2] key=370 | partition=2 | offset=112 | age=23 | gender=Female
[GROUP-2] key=371 | partition=2 | offset=113 | age=32 | gender=Male
[GROUP-2] key=373 | partition=2 | offset=114 | age=50 | gender=Female
[GROUP-2] key=376 | partition=2 | offset=115 | age=56 | gender=Female
[GROUP-2] key=379 | partition=2 | offset=116 | age=49 | gender=Female
[GROUP-2] key=380 | partition=2 | offset=117 | age=47 | gender=Male
[GROUP-2] key=387 | partition=2 | offset=118 | age=36 | gender=Female
[GROUP-2] key=392 | partition=2 | offset=119 | age=54 | gender=Female
[GROUP-2] key=393 | partition=2 | offset=120 | age=43 | gender=Male
[GROUP-2] key=397 | partition=2 | offset=121 | age=18 | gender=Male
[GROUP-2] key=404 | partition=2 | offset=122 | age=33 | gender=Male
[GROUP-2] key=407 | partition=2 | offset=123 | age=39 | gender=Female
[GROUP-2] key=409 | partition=2 | offset=124 | age=20 | gender=Female
[GROUP-2] key=411 | partition=2 | offset=125 | age=43 | gender=Male
[GROUP-2] key=415 | partition=2 | offset=126 | age=46 | gender=Female
[GROUP-2] key=417 | partition=2 | offset=127 | age=45 | gender=Female
[GROUP-2] key=422 | partition=2 | offset=128 | age=33 | gender=Female
[GROUP-2] key=423 | partition=2 | offset=129 | age=43 | gender=Female
[GROUP-2] key=431 | partition=2 | offset=130 | age=40 | gender=Female
[GROUP-2] key=434 | partition=2 | offset=131 | age=53 | gender=Female
[GROUP-2] key=439 | partition=2 | offset=132 | age=49 | gender=Male
[GROUP-2] key=440 | partition=2 | offset=133 | age=18 | gender=Male
[GROUP-2] key=444 | partition=2 | offset=134 | age=41 | gender=Male
[GROUP-2] key=445 | partition=2 | offset=135 | age=33 | gender=Male
[GROUP-2] key=448 | partition=2 | offset=136 | age=49 | gender=Male
[GROUP-2] key=450 | partition=2 | offset=137 | age=37 | gender=Male
[GROUP-2] key=456 | partition=2 | offset=138 | age=54 | gender=Female
[GROUP-2] key=458 | partition=2 | offset=139 | age=20 | gender=Female
[GROUP-2] key=460 | partition=2 | offset=140 | age=50 | gender=Other
[GROUP-2] key=461 | partition=2 | offset=141 | age=57 | gender=Male
[GROUP-2] key=462 | partition=2 | offset=142 | age=27 | gender=Female
[GROUP-2] key=465 | partition=2 | offset=143 | age=29 | gender=Female
[GROUP-2] key=467 | partition=2 | offset=144 | age=19 | gender=Male
[GROUP-2] key=472 | partition=2 | offset=145 | age=25 | gender=Male
[GROUP-2] key=474 | partition=2 | offset=146 | age=43 | gender=Female
[GROUP-2] key=479 | partition=2 | offset=147 | age=24 | gender=Female
[GROUP-2] key=480 | partition=2 | offset=148 | age=21 | gender=Female
[GROUP-2] key=483 | partition=2 | offset=149 | age=53 | gender=Male
[GROUP-2] key=485 | partition=2 | offset=150 | age=38 | gender=Female
[GROUP-2] key=488 | partition=2 | offset=151 | age=54 | gender=Male
[GROUP-2] key=493 | partition=2 | offset=152 | age=53 | gender=Female
[GROUP-2] key=495 | partition=2 | offset=153 | age=56 | gender=Female
[GROUP-2] key=496 | partition=2 | offset=154 | age=49 | gender=Female
[GROUP-2] key=498 | partition=2 | offset=155 | age=40 | gender=Male
[GROUP-2] key=500 | partition=2 | offset=156 | age=54 | gender=Male
[GROUP-2] key=503 | partition=2 | offset=157 | age=40 | gender=Female
[GROUP-2] key=504 | partition=2 | offset=158 | age=42 | gender=Male
[GROUP-2] key=507 | partition=2 | offset=159 | age=47 | gender=Male
[GROUP-2] key=508 | partition=2 | offset=160 | age=34 | gender=Female
[GROUP-2] key=510 | partition=2 | offset=161 | age=42 | gender=Female
[GROUP-2] key=513 | partition=2 | offset=162 | age=36 | gender=Male
[GROUP-2] key=515 | partition=2 | offset=163 | age=29 | gender=Female
[GROUP-2] key=516 | partition=2 | offset=164 | age=58 | gender=Male
[GROUP-2] key=520 | partition=2 | offset=165 | age=24 | gender=Female
[GROUP-2] key=521 | partition=2 | offset=166 | age=45 | gender=Female
[GROUP-2] key=523 | partition=2 | offset=167 | age=48 | gender=Female
[GROUP-2] key=525 | partition=2 | offset=168 | age=33 | gender=Female
[GROUP-2] key=527 | partition=2 | offset=169 | age=52 | gender=Female
[GROUP-2] key=528 | partition=2 | offset=170 | age=29 | gender=Male
[GROUP-2] key=531 | partition=2 | offset=171 | age=53 | gender=Male
[GROUP-2] key=532 | partition=2 | offset=172 | age=40 | gender=Female
[GROUP-2] key=533 | partition=2 | offset=173 | age=33 | gender=Male
[GROUP-2] key=535 | partition=2 | offset=174 | age=59 | gender=Female
[GROUP-2] key=538 | partition=2 | offset=175 | age=48 | gender=Female
[GROUP-2] key=543 | partition=2 | offset=176 | age=28 | gender=Other
[GROUP-2] key=547 | partition=2 | offset=177 | age=27 | gender=Female
[GROUP-2] key=554 | partition=2 | offset=178 | age=26 | gender=Female
[GROUP-2] key=556 | partition=2 | offset=179 | age=19 | gender=Male
[GROUP-2] key=558 | partition=2 | offset=180 | age=46 | gender=Female
[GROUP-2] key=562 | partition=2 | offset=181 | age=25 | gender=Male
[GROUP-2] key=565 | partition=2 | offset=182 | age=34 | gender=Female
[GROUP-2] key=567 | partition=2 | offset=183 | age=42 | gender=Female
[GROUP-2] key=570 | partition=2 | offset=184 | age=23 | gender=Female